DDI-MedLine.d62.s0|54-68|methamphetamine|drug
DDI-MedLine.d62.s1|141-155|methamphetamine|drug
DDI-MedLine.d62.s3|179-186|spectrin|drug
DDI-MedLine.d62.s4|279-287|clozapine|drug
DDI-MedLine.d59.s0|45-62|cAMP-mediated acid|drug
DDI-MedLine.d59.s0|77-85|carbachol|drug
DDI-MedLine.d59.s2|31-39|carbachol|drug
DDI-MedLine.d59.s3|38-46|carbachol|drug
DDI-MedLine.d59.s4|75-83|carbachol|drug
DDI-MedLine.d59.s4|156-175|cAMP-stimulated acid|drug
DDI-MedLine.d59.s7|248-252|actin|drug
DDI-MedLine.d47.s0|12-21|buforin II|drug_n
DDI-MedLine.d47.s0|53-64|azithromycin|drug
DDI-MedLine.d47.s0|70-80|minocycline|drug
DDI-MedLine.d47.s1|46-55|buforin II|drug_n
DDI-MedLine.d47.s1|87-98|azithromycin|drug
DDI-MedLine.d47.s1|104-114|minocycline|drug
DDI-MedLine.d47.s3|69-80|azithromycin|drug
DDI-MedLine.d47.s3|85-95|minocycline|drug
DDI-MedLine.d47.s4|107-118|azithromycin|drug
DDI-MedLine.d47.s4|123-133|minocycline|drug
DDI-MedLine.d74.s1|119-126|glucagon|drug
DDI-MedLine.d74.s1|143-149|glucose|drug
DDI-MedLine.d74.s2|49-63|dynamic insulin|drug
DDI-MedLine.d74.s2|216-223|arginine|drug_n
DDI-MedLine.d74.s2|233-239|glucose|drug
DDI-MedLine.d74.s2|275-286|theophylline|drug
DDI-MedLine.d74.s3|0-11|Theophylline|drug
DDI-MedLine.d74.s3|36-42|insulin|drug
DDI-MedLine.d74.s4|0-6|Glucose|drug
DDI-MedLine.d74.s4|38-49|theophylline|drug
DDI-MedLine.d74.s5|41-52|theophylline|drug
DDI-MedLine.d74.s5|72-79|glucagon|drug
DDI-MedLine.d74.s6|39-50|theophylline|drug
DDI-MedLine.d74.s6|70-77|glucagon|drug
DDI-MedLine.d74.s8|12-19|arginine|drug_n
DDI-MedLine.d74.s8|95-102|glucagon|drug
DDI-MedLine.d74.s10|71-77|glucose|drug
DDI-MedLine.d74.s11|108-119|theophylline|drug
DDI-MedLine.d44.s0|11-20|etofibrate|drug
DDI-MedLine.d44.s2|30-39|etofibrate|drug
DDI-MedLine.d44.s2|258-270|triglycerides|group
DDI-MedLine.d44.s2|401-410|etofibrate|drug
DDI-MedLine.d44.s4|85-106|14C-cholesteryl oleate|drug
DDI-MedLine.d44.s5|6-15|etofibrate|drug
DDI-MedLine.d44.s6|0-9|Etofibrate|drug
DDI-MedLine.d44.s7|71-80|etofibrate|drug
DDI-MedLine.d44.s8|30-39|etofibrate|drug
DDI-MedLine.d86.s0|57-65|diltiazem|drug
DDI-MedLine.d86.s0|71-79|sirolimus|drug
DDI-MedLine.d86.s1|60-68|sirolimus|drug
DDI-MedLine.d86.s1|73-99|macrolide immunosuppressant|group
DDI-MedLine.d86.s1|156-164|diltiazem|drug
DDI-MedLine.d86.s2|82-104|immunosuppressive drugs|group
DDI-MedLine.d86.s3|176-184|sirolimus|drug
DDI-MedLine.d86.s3|216-224|diltiazem|drug
DDI-MedLine.d86.s5|253-261|diltiazem|drug
DDI-MedLine.d86.s5|323-331|sirolimus|drug
DDI-MedLine.d86.s6|54-62|sirolimus|drug
DDI-MedLine.d86.s6|111-119|sirolimus|drug
DDI-MedLine.d86.s6|136-144|diltiazem|drug
DDI-MedLine.d86.s7|87-95|diltiazem|drug
DDI-MedLine.d86.s7|98-115|desacetyldiltiazem|drug
DDI-MedLine.d86.s7|182-190|sirolimus|drug
DDI-MedLine.d86.s7|231-239|diltiazem|drug
DDI-MedLine.d86.s8|25-33|diltiazem|drug
DDI-MedLine.d86.s8|68-76|sirolimus|drug
DDI-MedLine.d86.s8|145-153|sirolimus|drug
DDI-MedLine.d86.s9|117-125|sirolimus|drug
DDI-MedLine.d1.s4|85-94|sildenafil|drug
DDI-MedLine.d1.s5|0-9|Sildenafil|drug
DDI-MedLine.d1.s5|60-67|nitrates|group
DDI-MedLine.d1.s5|105-112|nitrates|group
DDI-MedLine.d1.s6|40-61|beta-receptor blockers|group
DDI-MedLine.d1.s6|64-82|calcium antagonists|group
DDI-MedLine.d1.s6|98-111|loop diuretics|group
DDI-MedLine.d1.s6|117-130|ACE inhibitors|group
DDI-MedLine.d132.s0|22-68|non-nucleoside reverse transcriptase inhibitors|group
DDI-MedLine.d132.s0|73-86|antiretroviral|group
DDI-MedLine.d132.s3|90-98|efavirenz|drug
DDI-MedLine.d132.s3|101-110|nevirapine|drug
DDI-MedLine.d132.s3|115-125|delavirdine|drug
DDI-MedLine.d132.s4|5-13|efavirenz|drug
DDI-MedLine.d132.s4|19-28|nevirapine|drug
DDI-MedLine.d132.s4|79-87|indinavir|drug
DDI-MedLine.d132.s4|166-175|nevirapine|drug
DDI-MedLine.d132.s4|216-224|efavirenz|drug
DDI-MedLine.d132.s5|38-47|nevirapine|drug
DDI-MedLine.d132.s5|75-84|nelfinavir|drug
DDI-MedLine.d132.s8|19-27|efavirenz|drug
DDI-MedLine.d132.s10|0-8|Efavirenz|drug
DDI-MedLine.d132.s10|44-53|nelfinavir|drug
DDI-MedLine.d23.s0|15-22|ketamine|drug
DDI-MedLine.d23.s0|53-61|digitalis|group
DDI-MedLine.d23.s1|19-27|digitalis|group
DDI-MedLine.d23.s1|65-72|ketamine|drug
DDI-MedLine.d23.s1|91-103|pentobarbital|drug
DDI-MedLine.d23.s1|120-126|ouabain|drug
DDI-MedLine.d23.s1|213-219|ouabain|drug
DDI-MedLine.d23.s1|227-234|ketamine|drug
DDI-MedLine.d23.s1|257-269|pentobarbital|drug
DDI-MedLine.d23.s2|35-41|ouabain|drug
DDI-MedLine.d23.s2|120-127|ketamine|drug
DDI-MedLine.d23.s2|133-142|droperidol|drug
DDI-MedLine.d23.s2|176-182|fentayl|drug
DDI-MedLine.d23.s2|199-211|pentobarbital|drug
DDI-MedLine.d138.s0|20-27|oxytocin|drug
DDI-MedLine.d138.s0|33-52|antidiuretic hormone|group
DDI-MedLine.d138.s1|45-52|oxytocin|drug
DDI-MedLine.d138.s1|58-68|vasopressin|drug
DDI-MedLine.d138.s2|44-51|oxytocin|drug
DDI-MedLine.d138.s2|73-83|vasopressin|drug
DDI-MedLine.d138.s3|68-75|hormones|group
DDI-MedLine.d29.s0|10-19|probenecid|drug
DDI-MedLine.d29.s0|79-89|cloxacillin|drug
DDI-MedLine.d29.s2|49-59|penicillins|group
DDI-MedLine.d29.s2|65-77|cephaloridine|group
DDI-MedLine.d29.s2|111-120|probenecid|drug
DDI-MedLine.d29.s3|21-30|probenecid|drug
DDI-MedLine.d29.s3|75-85|cloxacillin|drug
DDI-MedLine.d29.s3|124-134|cloxacillin|drug
DDI-MedLine.d29.s3|274-283|probenecid|drug
DDI-MedLine.d29.s4|93-103|cloxacillin|drug
DDI-MedLine.d29.s4|122-131|probenecid|drug
DDI-MedLine.d29.s6|27-37|cloxacillin|drug
DDI-MedLine.d29.s7|134-143|probenecid|drug
DDI-MedLine.d29.s8|41-50|probenecid|drug
DDI-MedLine.d29.s8|74-84|cloxacillin|drug
DDI-MedLine.d118.s0|0-8|Sirolimus|drug
DDI-MedLine.d118.s0|31-39|rapamycin|drug
DDI-MedLine.d118.s2|0-8|Sirolimus|drug
DDI-MedLine.d118.s2|148-156|sirolimus|drug
DDI-MedLine.d118.s2|231-242|cyclosporine|drug
DDI-MedLine.d118.s2|247-256|tacrolimus|drug
DDI-MedLine.d118.s3|97-105|sirolimus|drug
DDI-MedLine.d118.s3|128-139|cyclosporine|drug
DDI-MedLine.d118.s3|144-153|tacrolimus|drug
DDI-MedLine.d118.s3|249-260|cyclosporine|drug
DDI-MedLine.d118.s3|265-274|tacrolimus|drug
DDI-MedLine.d185.s0|82-93|panobinostat|drug
DDI-MedLine.d185.s1|0-11|Panobinostat|drug
DDI-MedLine.d185.s2|61-72|ketoconazole|drug
DDI-MedLine.d185.s2|113-124|panobinostat|drug
DDI-MedLine.d185.s4|13-24|ketoconazole|drug
DDI-MedLine.d185.s5|62-73|ketoconazole|drug
DDI-MedLine.d185.s6|0-11|Panobinostat|drug
DDI-MedLine.d185.s7|19-30|ketoconazole|drug
DDI-MedLine.d185.s7|92-103|panobinostat|drug
DDI-MedLine.d185.s12|21-32|panobinostat|drug
DDI-MedLine.d185.s12|96-107|panobinostat|drug
DDI-MedLine.d185.s13|104-115|panobinostat|drug
DDI-MedLine.d180.s1|4-22|3-Deazaneplanocin A|drug_n
DDI-MedLine.d180.s1|40-61|S-adenosylhomocysteine|drug
DDI-MedLine.d180.s12|106-112|ABT-737|drug_n
DDI-MedLine.d181.s0|20-32|levothyroxine|drug
DDI-MedLine.d181.s1|0-6|Infacol|brand
DDI-MedLine.d181.s4|85-97|levothyroxine|drug
DDI-MedLine.d181.s5|17-29|levothyroxine|drug
DDI-MedLine.d181.s5|39-65|thyroid stimulating hormone|group
DDI-MedLine.d181.s6|42-48|Infacol|brand
DDI-MedLine.d181.s6|78-90|levothyroxine|drug
DDI-MedLine.d181.s8|35-44|simeticone|drug
DDI-MedLine.d169.s0|0-6|Calcium|drug
DDI-MedLine.d169.s1|0-6|Calcium|drug
DDI-MedLine.d169.s2|46-49|iron|drug
DDI-MedLine.d169.s3|52-58|calcium|drug
DDI-MedLine.d169.s4|102-105|iron|drug
DDI-MedLine.d169.s5|28-34|calcium|drug
DDI-MedLine.d169.s5|96-99|iron|drug
DDI-MedLine.d169.s5|105-119|ferrous sulfate|drug
DDI-MedLine.d169.s6|33-39|calcium|drug
DDI-MedLine.d169.s7|0-6|Calcium|drug
DDI-MedLine.d169.s7|28-43|calcium chloride|drug
DDI-MedLine.d169.s8|0-6|Calcium|drug
DDI-MedLine.d169.s8|43-46|iron|drug
DDI-MedLine.d169.s10|53-59|calcium|drug
DDI-MedLine.d169.s10|100-103|iron|drug
DDI-MedLine.d169.s11|115-121|calcium|drug
DDI-MedLine.d179.s0|32-40|sunitinib|drug
DDI-MedLine.d179.s0|46-54|docetaxel|drug
DDI-MedLine.d179.s1|40-48|sunitinib|drug
DDI-MedLine.d179.s2|66-74|sunitinib|drug
DDI-MedLine.d179.s2|131-139|sunitinib|drug
DDI-MedLine.d179.s2|145-153|docetaxel|drug
DDI-MedLine.d179.s3|84-92|sunitinib|drug
DDI-MedLine.d179.s3|97-105|docetaxel|drug
DDI-MedLine.d179.s5|0-8|Sunitinib|drug
DDI-MedLine.d179.s5|118-126|docetaxel|drug
DDI-MedLine.d179.s6|37-45|sunitinib|drug
DDI-MedLine.d179.s6|51-59|docetaxel|drug
DDI-MedLine.d179.s7|27-35|docetaxel|drug
DDI-MedLine.d179.s7|49-57|sunitinib|drug
DDI-MedLine.d179.s8|102-110|docetaxel|drug
DDI-MedLine.d179.s8|179-187|sunitinib|drug
DDI-MedLine.d179.s10|0-8|Sunitinib|drug
DDI-MedLine.d179.s10|166-174|docetaxel|drug
DDI-MedLine.d179.s10|188-196|sunitinib|drug
DDI-MedLine.d179.s10|213-221|sunitinib|drug
DDI-MedLine.d179.s10|235-243|docetaxel|drug
DDI-MedLine.d159.s0|21-38|acetyl-l-carnitine|drug
DDI-MedLine.d159.s1|61-81|1,2:3,4-diepoxybutane|drug_n
DDI-MedLine.d159.s1|146-147|FA|brand
DDI-MedLine.d159.s3|167-184|epoxide hydrolases|group
DDI-MedLine.d159.s3|280-290|glutathione|drug
DDI-MedLine.d159.s4|58-69|antioxidants|group
DDI-MedLine.d159.s6|5-22|acetyl-l-carnitine|drug
DDI-MedLine.d159.s6|115-131|alpha-lipoic acid|drug
DDI-MedLine.d164.s0|0-8|Lapatinib|drug
DDI-MedLine.d164.s1|41-49|lapatinib|drug
DDI-MedLine.d164.s1|65-73|Herceptin|brand
DDI-MedLine.d164.s1|133-141|lapatinib|drug
DDI-MedLine.d164.s2|17-25|lapatinib|drug
DDI-MedLine.d164.s2|42-50|Herceptin|brand
DDI-MedLine.d164.s3|22-30|lapatinib|drug
DDI-MedLine.d164.s4|56-64|Herceptin|brand
DDI-MedLine.d164.s4|86-94|lapatinib|drug
DDI-MedLine.d164.s5|0-8|Lapatinib|drug
DDI-MedLine.d193.s0|0-9|Ticagrelor|drug
DDI-MedLine.d193.s0|12-19|Brilinta|brand
DDI-MedLine.d193.s0|35-45|clopidogrel|drug
DDI-MedLine.d193.s0|48-53|Plavix|brand
DDI-MedLine.d193.s1|21-30|ticagrelor|drug
DDI-MedLine.d193.s1|64-80|antiplatelet drug|group
DDI-MedLine.d193.s1|105-111|aspirin|brand
DDI-MedLine.d193.s2|21-31|clopidogrel|drug
DDI-MedLine.d193.s2|34-39|Plavix|brand
DDI-MedLine.d193.s2|46-54|prasugrel|drug
DDI-MedLine.d193.s2|57-63|Effient|brand
DDI-MedLine.d193.s3|0-10|Clopidogrel|drug
DDI-MedLine.d43.s1|105-119|chemical agents|group
DDI-MedLine.d43.s7|183-195|phenobarbital|drug
DDI-MedLine.d100.s0|13-36|calcium-channel blockers|group
DDI-MedLine.d100.s0|63-78|arachidonic acid|drug
DDI-MedLine.d100.s1|51-66|arachidonic acid|drug
DDI-MedLine.d100.s3|11-26|arachidonic acid|drug
DDI-MedLine.d100.s4|0-8|Adenosine|drug
DDI-MedLine.d100.s5|0-28|Slow-channel calcium blockers|group
DDI-MedLine.d100.s5|39-47|verapamil|drug
DDI-MedLine.d100.s5|50-58|diltiazem|drug
DDI-MedLine.d100.s5|64-73|nifedipine|drug
DDI-MedLine.d100.s7|35-50|calcium blockers|group
DDI-MedLine.d100.s7|96-130|platelet antiaggregant prostacyclin|group
DDI-MedLine.d100.s8|17-32|calcium blockers|group
DDI-MedLine.d100.s8|59-74|arachidonic acid|drug
DDI-MedLine.d73.s0|52-95|1-methyl-4-phenyl-1,2,5,6-tetrahydropyridine|drug_n
DDI-MedLine.d73.s0|98-101|MPTP|drug_n
DDI-MedLine.d73.s0|108-122|methamphetamine|drug
DDI-MedLine.d73.s1|144-158|methamphetamine|drug
DDI-MedLine.d73.s2|21-24|MPTP|drug_n
DDI-MedLine.d73.s2|143-151|pargyline|drug
DDI-MedLine.d73.s3|83-93|amphetamine|drug
DDI-MedLine.d73.s3|147-157|apomorphine|drug
DDI-MedLine.d73.s4|0-14|Methamphetamine|drug
DDI-MedLine.d73.s4|22-25|MPTP|drug_n
DDI-MedLine.d73.s4|107-115|pargyline|drug
DDI-MedLine.d73.s5|110-118|pargyline|drug
DDI-DrugBank.d449.s0|23-39|antifungal agents|group
DDI-DrugBank.d449.s0|49-60|ketoconazole|drug
DDI-DrugBank.d449.s0|65-76|itraconazole|drug
DDI-DrugBank.d449.s1|0-9|Nafazodone|drug
DDI-DrugBank.d449.s1|12-22|fluvoxamine|drug
DDI-DrugBank.d449.s1|25-34|cimetidine|drug
DDI-DrugBank.d449.s2|0-9|Fluoxetine|drug
DDI-DrugBank.d449.s2|17-26|sertraline|drug
DDI-DrugBank.d449.s2|29-37|diltiazem|drug
DDI-DrugBank.d449.s2|40-60|macrolide antibiotics|group
DDI-DrugBank.d8.s0|106-112|ALFENTA|brand
DDI-DrugBank.d8.s0|156-170|CNS depressants|group
DDI-DrugBank.d8.s0|180-191|barbiturates|group
DDI-DrugBank.d8.s0|194-206|tranquilizers|group
DDI-DrugBank.d8.s0|209-215|opioids|group
DDI-DrugBank.d8.s0|240-250|anesthetics|group
DDI-DrugBank.d8.s3|80-90|anesthetics|group
DDI-DrugBank.d8.s3|160-166|ALFENTA|brand
DDI-DrugBank.d8.s3|201-212|erythromycin|drug
DDI-DrugBank.d8.s3|219-225|ALFENTA|brand
DDI-DrugBank.d8.s3|253-259|ALFENTA|brand
DDI-DrugBank.d8.s4|0-9|Cimetidine|drug
DDI-DrugBank.d8.s4|36-42|ALFENTA|brand
DDI-DrugBank.d8.s5|18-24|ALFENTA|brand
DDI-DrugBank.d8.s5|109-115|ALFENTA|brand
DDI-DrugBank.d416.s0|103-114|sulfonamides|group
DDI-DrugBank.d416.s0|117-124|procaine|drug
DDI-DrugBank.d416.s0|130-144|thiazolesulfone|drug
DDI-DrugBank.d416.s2|0-9|Probenecid|drug
DDI-DrugBank.d416.s3|30-39|probenecid|drug
DDI-DrugBank.d22.s0|0-18|Aminosalicylic acid|drug
DDI-DrugBank.d22.s0|47-53|digoxin|drug
DDI-DrugBank.d22.s0|56-62|Lanoxin|brand
DDI-DrugBank.d22.s0|65-74|Lanoxicaps|brand
DDI-DrugBank.d22.s1|32-38|digoxin|drug
DDI-DrugBank.d22.s1|53-71|aminosalicylic acid|drug
DDI-DrugBank.d22.s1|90-96|digoxin|drug
DDI-DrugBank.d22.s2|0-18|Aminosalicylic acid|drug
DDI-DrugBank.d22.s2|56-66|vitamin B12|drug
DDI-DrugBank.d22.s3|33-43|vitamin B12|group
DDI-DrugBank.d22.s3|69-87|aminosalicylic acid|drug
DDI-DrugBank.d318.s0|70-83|amphotericin B|drug
DDI-DrugBank.d318.s0|86-106|Antineoplastic agents|group
DDI-DrugBank.d318.s1|0-20|Antineoplastic agents|group
DDI-DrugBank.d318.s1|30-45|nitrogen mustard|drug
DDI-DrugBank.d318.s2|0-14|Corticosteroids|group
DDI-DrugBank.d318.s2|20-32|Corticotropin|drug
DDI-DrugBank.d318.s2|35-38|ACTH|drug
DDI-DrugBank.d318.s2|57-71|amphotericin B-|drug
DDI-DrugBank.d318.s3|66-79|amphotericin B|drug
DDI-DrugBank.d318.s5|0-19|Digitalis glycosides|group
DDI-DrugBank.d318.s5|22-33|amphotericin|drug
DDI-DrugBank.d318.s5|72-80|digitalis|group
DDI-DrugBank.d318.s7|0-10|Flucytosine|drug
DDI-DrugBank.d318.s7|51-64|amphotericin B|drug
DDI-DrugBank.d318.s7|130-140|flucytosine|drug
DDI-DrugBank.d318.s8|0-9|Imidazoles|group
DDI-DrugBank.d318.s8|19-30|ketoconazole|drug
DDI-DrugBank.d318.s8|33-42|miconazole|drug
DDI-DrugBank.d318.s8|45-56|clotrimazole|drug
DDI-DrugBank.d318.s8|59-69|fluconazole|drug
DDI-DrugBank.d318.s8|131-144|amphotericin B|drug
DDI-DrugBank.d318.s8|150-159|imidazoles|group
DDI-DrugBank.d318.s8|174-183|imidazoles|group
DDI-DrugBank.d318.s8|217-230|amphotericin B|drug
DDI-DrugBank.d318.s10|46-60|aminoglycosides|group
DDI-DrugBank.d318.s10|63-74|cyclosporine|drug
DDI-DrugBank.d318.s10|81-91|pentamidine|drug
DDI-DrugBank.d318.s12|0-24|Skeletal muscle relaxants|group
DDI-DrugBank.d318.s12|99-123|skeletal muscle relaxants|group
DDI-DrugBank.d318.s12|132-143|tubocurarine|drug
DDI-DrugBank.d318.s14|101-114|amphotericin B|drug
DDI-DrugBank.d357.s0|0-15|5HT3 Antagonists|group
DDI-DrugBank.d357.s0|90-100|apomorphine|drug
DDI-DrugBank.d357.s0|124-134|ondansetron|drug
DDI-DrugBank.d357.s0|160-170|apomorphine|drug
DDI-DrugBank.d357.s0|190-210|5HT3 antagonist class|group
DDI-DrugBank.d357.s0|237-247|ondansetron|drug
DDI-DrugBank.d357.s0|250-260|granisetron|drug
DDI-DrugBank.d357.s0|263-272|dolasetron|drug
DDI-DrugBank.d357.s0|275-286|palonosetron|drug
DDI-DrugBank.d357.s0|293-301|alosetron|drug
DDI-DrugBank.d357.s1|0-27|Antihypertensive Medications|group
DDI-DrugBank.d357.s1|33-44|Vasodilators|group
DDI-DrugBank.d357.s1|141-168|antihypertensive medications|group
DDI-DrugBank.d357.s1|173-184|vasodilators|group
DDI-DrugBank.d357.s3|0-19|Dopamine Antagonists|group
DDI-DrugBank.d357.s3|28-38|apomorphine|drug
DDI-DrugBank.d357.s3|83-102|dopamine antagonists|group
DDI-DrugBank.d357.s3|117-128|neuroleptics|group
DDI-DrugBank.d357.s3|131-144|phenothiazines|group
DDI-DrugBank.d357.s3|147-160|butyrophenones|group
DDI-DrugBank.d357.s3|163-175|thioxanthenes|group
DDI-DrugBank.d357.s3|181-194|metoclopramide|drug
DDI-DrugBank.d357.s3|231-236|APOKYN|brand
DDI-DrugBank.d357.s4|54-65|neuroleptics|group
DDI-DrugBank.d357.s4|91-98|dopamine|drug
DDI-DrugBank.d357.s5|82-92|apomorphine|drug
DDI-DrugBank.d357.s6|74-79|APOKYN|brand
DDI-DrugBank.d253.s0|0-30|Beta-adrenergic blocking agents|group
DDI-DrugBank.d253.s0|74-83|arbutamine|drug
DDI-DrugBank.d253.s1|0-30|Beta-adrenergic blocking agents|group
DDI-DrugBank.d253.s2|0-20|Antiarrhythmic agents|group
DDI-DrugBank.d253.s2|40-49|flecainide|drug
DDI-DrugBank.d253.s2|52-60|lidocaine|drug
DDI-DrugBank.d253.s2|66-74|quinidine|drug
DDI-DrugBank.d253.s2|98-107|arbutamine|drug
DDI-DrugBank.d253.s3|0-14|Antidepressants|group
DDI-DrugBank.d253.s3|17-25|tricyclic|group
DDI-DrugBank.d253.s3|29-36|atropine|drug
DDI-DrugBank.d253.s3|47-68|anticholinergic agents|group
DDI-DrugBank.d253.s3|74-93|digitalis glycosides|group
DDI-DrugBank.d253.s3|116-125|arbutamine|drug
DDI-DrugBank.d105.s0|0-13|Anticoagulants|group
DDI-DrugBank.d105.s0|25-44|coumarin derivatives|group
DDI-DrugBank.d105.s0|47-68|indandione derivatives|group
DDI-DrugBank.d105.s0|75-105|platelet aggregation inhibitors|group
DDI-DrugBank.d105.s0|115-150|nonsteroidal anti-inflammatory drugs|group
DDI-DrugBank.d105.s0|153-158|NSAIDs|group
DDI-DrugBank.d105.s0|166-172|aspirin|brand
DDI-DrugBank.d105.s0|245-253|ardeparin|drug
DDI-DrugBank.d509.s0|56-67|aripiprazole|drug
DDI-DrugBank.d509.s0|98-104|ABILIFY|brand
DDI-DrugBank.d509.s0|141-162|centrally acting drugs|group
DDI-DrugBank.d509.s0|168-174|alcohol|drug
DDI-DrugBank.d509.s2|35-46|aripiprazole|drug
DDI-DrugBank.d509.s2|99-121|antihypertensive agents|group
DDI-DrugBank.d509.s3|44-55|Aripiprazole|drug
DDI-DrugBank.d509.s4|0-11|Aripiprazole|drug
DDI-DrugBank.d509.s5|37-48|aripiprazole|drug
DDI-DrugBank.d509.s7|31-43|carbamazepine|drug
DDI-DrugBank.d509.s7|73-84|aripiprazole|drug
DDI-DrugBank.d509.s8|26-37|ketoconazole|drug
DDI-DrugBank.d509.s8|55-63|quinidine|drug
DDI-DrugBank.d509.s8|66-75|fluoxetine|drug
DDI-DrugBank.d509.s8|81-90|paroxetine|drug
DDI-DrugBank.d509.s9|0-11|Ketoconazole|drug
DDI-DrugBank.d509.s9|34-45|ketoconazole|drug
DDI-DrugBank.d509.s9|100-111|aripiprazole|drug
DDI-DrugBank.d509.s9|134-145|aripiprazole|drug
DDI-DrugBank.d509.s10|23-34|ketoconazole|drug
DDI-DrugBank.d509.s11|35-46|ketoconazole|drug
DDI-DrugBank.d509.s11|53-64|aripiprazole|drug
DDI-DrugBank.d509.s11|74-85|aripiprazole|drug
DDI-DrugBank.d509.s12|35-46|itraconazole|drug
DDI-DrugBank.d509.s13|0-16|weaker inhibitors|group
DDI-DrugBank.d509.s13|19-30|erythromycin|drug
DDI-DrugBank.d509.s14|69-80|aripiprazole|drug
DDI-DrugBank.d509.s15|0-8|Quinidine|drug
DDI-DrugBank.d509.s15|54-65|aripiprazole|drug
DDI-DrugBank.d509.s15|72-80|quinidine|drug
DDI-DrugBank.d509.s15|159-170|aripiprazole|drug
DDI-DrugBank.d509.s16|0-11|Aripiprazole|drug
DDI-DrugBank.d509.s16|102-110|quinidine|drug
DDI-DrugBank.d509.s16|117-128|aripiprazole|drug
DDI-DrugBank.d509.s17|48-57|fluoxetine|drug
DDI-DrugBank.d509.s17|62-71|paroxetine|drug
DDI-DrugBank.d509.s18|69-80|aripiprazole|drug
DDI-DrugBank.d509.s19|0-12|Carbamazepine|drug
DDI-DrugBank.d509.s19|35-47|carbamazepine|drug
DDI-DrugBank.d509.s19|93-104|aripiprazole|drug
DDI-DrugBank.d509.s19|188-199|aripiprazole|drug
DDI-DrugBank.d509.s20|5-17|carbamazepine|drug
DDI-DrugBank.d509.s20|31-42|aripiprazole|drug
DDI-DrugBank.d509.s20|53-64|aripiprazole|drug
DDI-DrugBank.d509.s22|5-17|carbamazepine|drug
DDI-DrugBank.d509.s22|62-73|aripiprazole|drug
DDI-DrugBank.d509.s23|36-45|famotidine|drug
DDI-DrugBank.d509.s23|48-56|valproate|drug
DDI-DrugBank.d509.s23|62-68|lithium|drug
DDI-DrugBank.d509.s23|106-117|aripiprazole|drug
DDI-DrugBank.d509.s24|14-20|ABILIFY|brand
DDI-DrugBank.d509.s24|44-55|Aripiprazole|drug
DDI-DrugBank.d509.s25|46-57|aripiprazole|drug
DDI-DrugBank.d509.s25|110-125|dextromethorphan|drug
DDI-DrugBank.d509.s25|137-144|warfarin|drug
DDI-DrugBank.d509.s25|157-166|omeprazole|drug
DDI-DrugBank.d509.s25|169-176|warfarin|drug
DDI-DrugBank.d509.s25|192-207|dextromethorphan|drug
DDI-DrugBank.d509.s26|14-25|aripiprazole|drug
DDI-DrugBank.d509.s26|31-49|dehydroaripiprazole|drug
DDI-DrugBank.d509.s27|0-6|Alcohol|drug
DDI-DrugBank.d509.s27|53-64|aripiprazole|drug
DDI-DrugBank.d509.s27|86-92|ethanol|drug
DDI-DrugBank.d509.s27|126-132|ethanol|drug
DDI-DrugBank.d509.s28|13-36|psychoactive medications|group
DDI-DrugBank.d509.s28|75-81|alcohol|drug
DDI-DrugBank.d509.s28|96-102|ABILIFY|brand
DDI-DrugBank.d109.s0|27-36|Macrolides|group
DDI-DrugBank.d109.s0|49-60|Erythromycin|drug
DDI-DrugBank.d73.s0|0-28|Catecholamine-depleting drugs|group
DDI-DrugBank.d73.s0|35-43|reserpine|drug
DDI-DrugBank.d73.s0|90-109|beta-blocking agents|group
DDI-DrugBank.d73.s1|22-29|TENORMIN|brand
DDI-DrugBank.d73.s2|0-23|Calcium channel blockers|group
DDI-DrugBank.d73.s2|74-81|TENORMIN|brand
DDI-DrugBank.d73.s3|0-12|Beta blockers|group
DDI-DrugBank.d73.s3|89-97|clonidine|drug
DDI-DrugBank.d73.s4|41-52|beta blocker|drug
DDI-DrugBank.d73.s4|120-128|clonidine|drug
DDI-DrugBank.d73.s5|13-21|clonidine|drug
DDI-DrugBank.d73.s5|26-37|beta-blocker|group
DDI-DrugBank.d73.s5|68-80|beta blockers|group
DDI-DrugBank.d73.s5|123-131|clonidine|drug
DDI-DrugBank.d73.s6|64-75|indomethacin|drug
DDI-DrugBank.d73.s6|118-130|beta blockers|group
DDI-DrugBank.d73.s7|35-42|atenolol|drug
DDI-DrugBank.d73.s7|48-54|aspirin|brand
DDI-DrugBank.d73.s8|106-112|aspirin|brand
DDI-DrugBank.d73.s8|118-130|beta blockers|group
DDI-DrugBank.d73.s9|13-25|beta blockers|group
DDI-DrugBank.d73.s10|56-66|epinephrine|drug
DDI-DrugBank.d489.s0|50-56|Kerlone|brand
DDI-DrugBank.d489.s0|101-110|cimetidine|drug
DDI-DrugBank.d489.s0|113-122|nifedipine|drug
DDI-DrugBank.d489.s0|125-138|chlorthalidone|drug
DDI-DrugBank.d489.s0|145-163|hydrochlorothiazide|drug
DDI-DrugBank.d489.s1|30-36|Kerlone|brand
DDI-DrugBank.d489.s1|66-73|warfarin|drug
DDI-DrugBank.d489.s1|136-143|warfarin|drug
DDI-DrugBank.d489.s2|37-45|reserpine|drug
DDI-DrugBank.d489.s2|92-111|beta-blocking agents|group
DDI-DrugBank.d489.s3|24-62|beta-adrenergic receptor blocking agent|group
DDI-DrugBank.d489.s4|66-78|beta-blockers|group
DDI-DrugBank.d489.s4|84-92|clonidine|drug
DDI-DrugBank.d489.s4|112-123|beta-blocker|group
DDI-DrugBank.d489.s4|206-214|clonidine|drug
DDI-DrugBank.d489.s5|37-55|calcium antagonists|group
DDI-DrugBank.d489.s5|89-119|beta-adrenergic blocking agents|group
DDI-DrugBank.d489.s6|116-146|beta-adrenergic blocking agents|drug
DDI-DrugBank.d489.s6|161-178|calcium antagonist|group
DDI-DrugBank.d489.s7|44-61|calcium antagonist|group
DDI-DrugBank.d489.s7|70-95|dihydropyridine derivative|group
DDI-DrugBank.d489.s7|104-113|nifedipine|drug
DDI-DrugBank.d489.s7|189-196|complete|brand
DDI-DrugBank.d489.s7|249-257|verapamil|drug
DDI-DrugBank.d489.s7|262-270|diltiazem|drug
DDI-DrugBank.d489.s8|69-81|beta-blockers|group
DDI-DrugBank.d489.s8|104-114|epinephrine|drug
DDI-DrugBank.d489.s8|156-168|beta-blockers|group
DDI-DrugBank.d489.s9|175-184|diagnostic|group
DDI-DrugBank.d489.s9|224-236|beta-blockers|group
DDI-DrugBank.d489.s10|56-66|epinephrine|drug
DDI-DrugBank.d497.s0|0-4|AZOPT|brand
DDI-DrugBank.d497.s0|7-18|brinzolamide|drug
DDI-DrugBank.d497.s0|57-84|carbonic anhydrase inhibitor|group
DDI-DrugBank.d497.s1|84-95|brinzolamide|drug
DDI-DrugBank.d497.s2|39-67|carbonic anhydrase inhibitors|group
DDI-DrugBank.d497.s2|135-144|salicylate|group
DDI-DrugBank.d497.s3|94-98|AZOPT|brand
DDI-DrugBank.d497.s3|101-112|brinzolamide|drug
DDI-DrugBank.d153.s0|28-47|anesthetic solutions|group
DDI-DrugBank.d153.s0|60-70|epinephrine|drug
DDI-DrugBank.d153.s0|75-88|norepinephrine|drug
DDI-DrugBank.d153.s0|112-139|monoamine oxidase inhibitors|group
DDI-DrugBank.d153.s0|144-168|tricyclic antidepressants|group
DDI-DrugBank.d153.s3|29-45|vasopressor drugs|group
DDI-DrugBank.d153.s3|54-78|ergot-type oxytocic drugs|group
DDI-DrugBank.d153.s4|0-13|Phenothiazines|group
DDI-DrugBank.d153.s4|19-32|butyrophenones|group
DDI-DrugBank.d153.s4|78-88|epinephrine|drug
DDI-DrugBank.d213.s0|0-5|Iodine|drug
DDI-DrugBank.d213.s0|10-15|iodine|drug
DDI-DrugBank.d213.s0|51-61|Carbimazole|drug
DDI-DrugBank.d213.s0|116-126|Carbimazole|drug
DDI-DrugBank.d213.s1|23-29|digoxin|drug
DDI-DrugBank.d213.s1|35-43|digitoxin|drug
DDI-DrugBank.d213.s1|77-94|antithyroid agents|group
DDI-DrugBank.d213.s3|0-17|Antithyroid agents|group
DDI-DrugBank.d213.s3|142-152|Carbimazole|drug
DDI-DrugBank.d213.s4|26-39|anticoagulants|group
DDI-DrugBank.d213.s5|55-67|anticoagulant|group
DDI-DrugBank.d520.s0|65-75|Carboplatin|drug
DDI-DrugBank.d269.s1|21-31|debrisoquin|drug
DDI-DrugBank.d269.s1|50-59|carvedilol|drug
DDI-DrugBank.d269.s1|103-111|quinidine|drug
DDI-DrugBank.d269.s1|114-123|fluoxetine|drug
DDI-DrugBank.d269.s1|126-135|paroxetine|drug
DDI-DrugBank.d269.s1|142-152|propafenone|drug
DDI-DrugBank.d269.s1|244-246|R ( +|drug
DDI-DrugBank.d269.s1|263-272|carvedilol|drug
DDI-DrugBank.d269.s3|0-29|Catecholamine-depleting Agents|group
DDI-DrugBank.d269.s3|137-145|reserpine|drug
DDI-DrugBank.d269.s3|151-178|monoamine oxidase inhibitors|group
DDI-DrugBank.d269.s4|0-8|Clonidine|drug
DDI-DrugBank.d269.s4|41-49|clonidine|drug
DDI-DrugBank.d269.s5|70-78|clonidine|drug
DDI-DrugBank.d269.s5|105-120|b-blocking agent|group
DDI-DrugBank.d269.s6|0-8|Clonidine|drug
DDI-DrugBank.d269.s7|0-11|Cyclosporine|drug
DDI-DrugBank.d269.s7|46-57|cyclosporine|drug
DDI-DrugBank.d269.s7|112-121|carvedilol|drug
DDI-DrugBank.d269.s8|38-49|cyclosporine|drug
DDI-DrugBank.d269.s8|90-101|cyclosporine|drug
DDI-DrugBank.d269.s9|42-53|cyclosporine|drug
DDI-DrugBank.d269.s10|96-107|cyclosporine|drug
DDI-DrugBank.d269.s10|165-174|carvedilol|drug
DDI-DrugBank.d269.s10|205-216|cyclosporine|drug
DDI-DrugBank.d269.s11|0-6|Digoxin|drug
DDI-DrugBank.d269.s11|9-15|Digoxin|drug
DDI-DrugBank.d269.s11|64-70|digoxin|drug
DDI-DrugBank.d269.s11|76-85|carvedilol|drug
DDI-DrugBank.d269.s12|5-11|digoxin|drug
DDI-DrugBank.d269.s12|17-21|COREG|brand
DDI-DrugBank.d269.s13|35-41|digoxin|drug
DDI-DrugBank.d269.s13|103-107|COREG|brand
DDI-DrugBank.d269.s14|47-54|Rifampin|drug
DDI-DrugBank.d269.s14|89-98|carvedilol|drug
DDI-DrugBank.d269.s15|0-9|Cimetidine|drug
DDI-DrugBank.d269.s16|0-23|Calcium Channel Blockers|group
DDI-DrugBank.d269.s16|128-132|COREG|brand
DDI-DrugBank.d269.s16|158-166|diltiazem|drug
DDI-DrugBank.d269.s17|52-56|COREG|brand
DDI-DrugBank.d269.s17|92-115|calcium channel blockers|group
DDI-DrugBank.d269.s17|124-132|verapamil|drug
DDI-DrugBank.d269.s17|137-145|diltiazem|drug
DDI-DrugBank.d269.s18|0-6|Insulin|drug
DDI-DrugBank.d269.s18|16-28|Hypoglycemics|group
DDI-DrugBank.d269.s18|112-118|insulin|drug
DDI-DrugBank.d269.s18|129-141|hypoglycemics|group
DDI-DrugBank.d269.s19|30-36|insulin|drug
DDI-DrugBank.d269.s19|46-58|hypoglycemics|group
DDI-DrugBank.d339.s0|0-12|Carbamazepine|drug
DDI-DrugBank.d339.s0|24-36|carbamazepine|drug
DDI-DrugBank.d339.s0|97-102|SUPRAX|brand
DDI-DrugBank.d339.s1|65-77|carbamazepine|drug
DDI-DrugBank.d339.s2|0-7|Warfarin|drug
DDI-DrugBank.d339.s2|13-26|Anticoagulants|group
DDI-DrugBank.d339.s2|115-122|cefixime|drug
DDI-DrugBank.d339.s3|112-124|nitroprusside|drug
DDI-DrugBank.d339.s3|151-167|nitroferricyanide|drug
DDI-DrugBank.d339.s4|22-27|SUPRAX|brand
DDI-DrugBank.d339.s6|82-106|cephalosporin antibiotics|group
DDI-DrugBank.d172.s0|49-57|celecoxib|drug
DDI-DrugBank.d172.s1|0-8|Celecoxib|drug
DDI-DrugBank.d172.s2|21-29|celecoxib|drug
DDI-DrugBank.d172.s3|31-39|celecoxib|drug
DDI-DrugBank.d172.s4|36-44|celecoxib|drug
DDI-DrugBank.d172.s6|22-30|celecoxib|drug
DDI-DrugBank.d172.s6|90-100|fluconazole|drug
DDI-DrugBank.d172.s6|106-112|lithium|drug
DDI-DrugBank.d172.s7|16-51|nonsteroidal anti-inflammatory drugs|group
DDI-DrugBank.d172.s7|54-59|NSAIDs|group
DDI-DrugBank.d172.s7|107-116|furosemide|drug
DDI-DrugBank.d172.s7|122-135|ACE inhibitors|group
DDI-DrugBank.d172.s8|12-20|celecoxib|drug
DDI-DrugBank.d172.s8|73-81|glyburide|drug
DDI-DrugBank.d172.s8|84-95|ketoconazole|drug
DDI-DrugBank.d172.s8|98-109|methotrexate|drug
DDI-DrugBank.d172.s8|112-120|phenytoin|drug
DDI-DrugBank.d172.s8|123-133|tolbutamide|drug
DDI-DrugBank.d172.s8|140-147|warfarin|drug
DDI-DrugBank.d172.s9|0-13|ACE inhibitors|group
DDI-DrugBank.d172.s9|37-42|NSAIDs|group
DDI-DrugBank.d172.s9|88-133|Angiotensin Converting Enzyme ( ACE ) inhibitors|group
DDI-DrugBank.d172.s10|66-73|CELEBREX|brand
DDI-DrugBank.d172.s10|94-107|ACE-inhibitors|group
DDI-DrugBank.d172.s11|0-9|Furosemide|drug
DDI-DrugBank.d172.s11|86-91|NSAIDs|group
DDI-DrugBank.d172.s11|130-139|furosemide|drug
DDI-DrugBank.d172.s11|145-153|thiazides|group
DDI-DrugBank.d172.s13|0-6|Aspirin|brand
DDI-DrugBank.d172.s13|9-16|CELEBREX|brand
DDI-DrugBank.d172.s13|44-50|aspirin|brand
DDI-DrugBank.d172.s14|39-45|aspirin|brand
DDI-DrugBank.d172.s14|52-59|CELEBREX|brand
DDI-DrugBank.d172.s14|153-160|CELEBREX|brand
DDI-DrugBank.d172.s15|41-48|CELEBREX|brand
DDI-DrugBank.d172.s15|74-80|aspirin|brand
DDI-DrugBank.d172.s16|0-10|Fluconazole|drug
DDI-DrugBank.d172.s16|43-53|fluconazole|drug
DDI-DrugBank.d172.s16|103-111|celecoxib|drug
DDI-DrugBank.d172.s17|42-50|celecoxib|drug
DDI-DrugBank.d172.s17|79-89|fluconazole|drug
DDI-DrugBank.d172.s18|0-7|CELEBREX|brand
DDI-DrugBank.d172.s18|83-93|fluconazole|drug
DDI-DrugBank.d172.s19|0-6|Lithium|drug
DDI-DrugBank.d172.s19|69-75|lithium|drug
DDI-DrugBank.d172.s19|141-147|lithium|drug
DDI-DrugBank.d172.s19|165-172|CELEBREX|brand
DDI-DrugBank.d172.s19|219-225|lithium|drug
DDI-DrugBank.d172.s20|12-18|lithium|drug
DDI-DrugBank.d172.s20|63-70|CELEBREX|brand
DDI-DrugBank.d172.s21|0-11|Methotrexate|drug
DDI-DrugBank.d172.s21|78-89|methotrexate|drug
DDI-DrugBank.d172.s21|92-99|CELEBREX|brand
DDI-DrugBank.d172.s21|162-173|methotrexate|drug
DDI-DrugBank.d172.s22|0-7|Warfarin|drug
DDI-DrugBank.d172.s22|24-32|celecoxib|drug
DDI-DrugBank.d172.s22|66-73|warfarin|drug
DDI-DrugBank.d172.s22|153-160|warfarin|drug
DDI-DrugBank.d172.s23|19-27|celecoxib|drug
DDI-DrugBank.d172.s23|71-78|warfarin|drug
DDI-DrugBank.d172.s24|51-58|CELEBREX|brand
DDI-DrugBank.d172.s24|65-72|warfarin|drug
DDI-DrugBank.d141.s0|0-22|Immunosuppressive Drugs|group
DDI-DrugBank.d141.s0|50-55|Niacin|drug
DDI-DrugBank.d141.s0|58-71|Nicotinic Acid|drug
DDI-DrugBank.d141.s0|74-85|Erythromycin|drug
DDI-DrugBank.d141.s0|88-104|Azole Antifungals|group
DDI-DrugBank.d141.s0|116-121|Muscle|brand
DDI-DrugBank.d141.s1|0-6|ANTACID|brand
DDI-DrugBank.d141.s1|9-36|Magnesium-Aluminum Hydroxide|drug
DDI-DrugBank.d141.s1|40-51|Cerivastatin|drug
DDI-DrugBank.d141.s1|117-123|antacid|group
DDI-DrugBank.d141.s2|12-23|Cerivastatin|drug
DDI-DrugBank.d141.s2|89-98|cimetidine|drug
DDI-DrugBank.d141.s3|0-13|CHOLESTYRAMINE|drug
DDI-DrugBank.d141.s3|65-78|cholestyramine|drug
DDI-DrugBank.d141.s3|107-125|cerivastatin sodium|drug
DDI-DrugBank.d141.s4|57-75|cerivastatin sodium|drug
DDI-DrugBank.d141.s4|86-99|cholestyramine|drug
DDI-DrugBank.d141.s4|189-207|cerivastatin sodium|drug
DDI-DrugBank.d141.s5|53-66|cholestyramine|drug
DDI-DrugBank.d141.s5|110-128|cerivastatin sodium|drug
DDI-DrugBank.d141.s5|210-221|cerivastatin|drug
DDI-DrugBank.d141.s5|304-322|cerivastatin sodium|drug
DDI-DrugBank.d141.s6|58-76|cerivastatin sodium|drug
DDI-DrugBank.d141.s6|99-112|cholestyramine|drug
DDI-DrugBank.d141.s6|213-231|cerivastatin sodium|drug
DDI-DrugBank.d141.s7|0-6|DIGOXIN|drug
DDI-DrugBank.d141.s7|16-22|digoxin|drug
DDI-DrugBank.d141.s7|35-41|digoxin|drug
DDI-DrugBank.d141.s7|118-136|cerivastatin sodium|drug
DDI-DrugBank.d141.s8|0-11|Cerivastatin|drug
DDI-DrugBank.d141.s8|82-88|digoxin|drug
DDI-DrugBank.d141.s9|0-7|WARFARIN|drug
DDI-DrugBank.d141.s9|32-39|warfarin|drug
DDI-DrugBank.d141.s9|45-56|cerivastatin|drug
DDI-DrugBank.d141.s9|191-198|warfarin|drug
DDI-DrugBank.d141.s10|52-59|warfarin|drug
DDI-DrugBank.d141.s10|108-126|cerivastatin sodium|drug
DDI-DrugBank.d141.s11|21-28|warfarin|drug
DDI-DrugBank.d141.s11|34-45|cerivastatin|drug
DDI-DrugBank.d141.s11|85-103|cerivastatin sodium|drug
DDI-DrugBank.d141.s12|0-11|ERYTHROMYCIN|drug
DDI-DrugBank.d141.s12|61-72|cerivastatin|drug
DDI-DrugBank.d141.s12|176-187|erythromycin|drug
DDI-DrugBank.d141.s13|106-124|cerivastatin sodium|drug
DDI-DrugBank.d141.s13|154-200|angiotensin- converting enzyme ( ACE ) inhibitors|group
DDI-DrugBank.d141.s13|203-214|betablockers|group
DDI-DrugBank.d141.s13|217-240|calcium-channel blockers|group
DDI-DrugBank.d141.s13|243-251|diuretics|group
DDI-DrugBank.d141.s13|258-293|nonsteroidal anti-inflammatory drugs|group
DDI-DrugBank.d141.s13|296-301|NSAIDs|group
DDI-DrugBank.d287.s0|0-9|Cevimeline|drug
DDI-DrugBank.d287.s0|66-92|beta adrenergic antagonists|group
DDI-DrugBank.d287.s1|70-79|cevimeline|drug
DDI-DrugBank.d287.s2|0-9|Cevimeline|drug
DDI-DrugBank.d287.s3|71-80|cevimeline|drug
DDI-DrugBank.d287.s4|0-9|Cevimeline|drug
DDI-DrugBank.d287.s5|120-129|cevimeline|drug
DDI-DrugBank.d255.s0|47-58|chlorambucil|drug
DDI-DrugBank.d110.s0|28-47|anesthetic solutions|group
DDI-DrugBank.d110.s0|60-70|epinephrine|drug
DDI-DrugBank.d110.s0|75-88|norepinephrine|drug
DDI-DrugBank.d110.s0|112-139|monoamine oxidase inhibitors|group
DDI-DrugBank.d110.s0|142-166|tricyclic antidepressants|group
DDI-DrugBank.d110.s0|171-184|phenothiazines|group
DDI-DrugBank.d110.s3|29-45|vasopressor drugs|group
DDI-DrugBank.d110.s3|114-138|ergot-type oxytocic drugs|group
DDI-DrugBank.d110.s4|41-54|chloroprocaine|drug
DDI-DrugBank.d110.s4|79-90|sulfonamides|group
DDI-DrugBank.d110.s5|11-24|chloroprocaine|drug
DDI-DrugBank.d110.s5|73-88|sulfonamide drug|group
DDI-DrugBank.d429.s0|0-7|Antacids|group
DDI-DrugBank.d429.s0|13-18|kaolin|drug
DDI-DrugBank.d429.s0|21-28|Antacids|group
DDI-DrugBank.d429.s0|34-39|kaolin|drug
DDI-DrugBank.d429.s0|66-76|chloroquine|drug
DDI-DrugBank.d429.s1|67-77|chloroquine|drug
DDI-DrugBank.d429.s2|0-9|Cimetidine|drug
DDI-DrugBank.d429.s2|12-21|Cimetidine|drug
DDI-DrugBank.d429.s2|53-63|chloroquine|drug
DDI-DrugBank.d429.s3|19-28|cimetidine|drug
DDI-DrugBank.d429.s4|0-9|Ampicillin|drug
DDI-DrugBank.d429.s4|46-56|chloroquine|drug
DDI-DrugBank.d429.s4|103-112|ampicillin|drug
DDI-DrugBank.d429.s5|67-77|chloroquine|drug
DDI-DrugBank.d429.s6|0-10|Cyclosporin|drug
DDI-DrugBank.d429.s6|35-45|chloroquine|drug
DDI-DrugBank.d429.s7|89-99|chloroquine|drug
DDI-DrugBank.d446.s0|0-15|Chlorotrianisene|drug
DDI-DrugBank.d446.s0|35-49|antidepressants|group
DDI-DrugBank.d446.s0|52-58|aspirin|brand
DDI-DrugBank.d446.s0|61-72|barbiturates|group
DDI-DrugBank.d446.s0|75-87|bromocriptine|drug
DDI-DrugBank.d446.s0|90-96|calcium|drug
DDI-DrugBank.d446.s0|111-125|corticosteroids|group
DDI-DrugBank.d446.s0|128-140|corticotropin|drug
DDI-DrugBank.d446.s0|143-154|cyclosporine|drug
DDI-DrugBank.d446.s0|157-166|dantrolene|drug
DDI-DrugBank.d446.s0|169-176|nicotine|drug
DDI-DrugBank.d446.s0|179-188|somatropin|drug
DDI-DrugBank.d446.s0|191-199|tamoxifen|drug
DDI-DrugBank.d446.s0|206-213|warfarin|drug
DDI-DrugBank.d245.s0|27-38|sulfonylurea|group
DDI-DrugBank.d245.s0|86-122|nonsteroidal anti-inflammatory agents|group
DDI-DrugBank.d245.s0|171-181|salicylates|group
DDI-DrugBank.d245.s0|184-195|sulfonamides|group
DDI-DrugBank.d245.s0|198-212|chloramphenicol|drug
DDI-DrugBank.d245.s0|215-224|probenecid|drug
DDI-DrugBank.d245.s0|227-235|coumarins|group
DDI-DrugBank.d245.s0|238-265|monoamine oxidase inhibitors|group
DDI-DrugBank.d245.s0|272-302|beta adrenergic blocking agents|group
DDI-DrugBank.d245.s1|56-64|DIABINESE|brand
DDI-DrugBank.d245.s2|55-63|DIABINESE|brand
DDI-DrugBank.d245.s4|24-32|thiazides|group
DDI-DrugBank.d245.s4|44-52|diuretics|group
DDI-DrugBank.d245.s4|55-69|corticosteroids|group
DDI-DrugBank.d245.s4|72-85|phenothiazines|group
DDI-DrugBank.d245.s4|88-103|thyroid products|group
DDI-DrugBank.d245.s4|106-114|estrogens|group
DDI-DrugBank.d245.s4|122-135|contraceptives|group
DDI-DrugBank.d245.s4|138-146|phenytoin|drug
DDI-DrugBank.d245.s4|149-162|nicotinic acid|drug
DDI-DrugBank.d245.s4|165-180|sympathomimetics|group
DDI-DrugBank.d245.s4|183-212|calcium channel blocking drugs|group
DDI-DrugBank.d245.s4|219-227|isoniazid|drug
DDI-DrugBank.d245.s5|56-64|DIABINESE|brand
DDI-DrugBank.d245.s6|55-63|DIABINESE|brand
DDI-DrugBank.d245.s7|48-59|barbiturates|group
DDI-DrugBank.d245.s7|94-107|chlorpropamide|drug
DDI-DrugBank.d245.s7|110-121|barbiturates|group
DDI-DrugBank.d245.s8|81-87|alcohol|drug
DDI-DrugBank.d245.s9|37-46|miconazole|drug
DDI-DrugBank.d245.s9|57-75|hypoglycemic agents|group
DDI-DrugBank.d245.s10|95-104|miconazole|drug
DDI-DrugBank.d171.s0|0-6|Tagamet|brand
DDI-DrugBank.d171.s0|130-157|warfarin-type anticoagulants|group
DDI-DrugBank.d171.s0|160-168|phenytoin|drug
DDI-DrugBank.d171.s0|171-181|propranolol|drug
DDI-DrugBank.d171.s0|184-193|nifedipine|drug
DDI-DrugBank.d171.s0|196-211|chlordiazepoxide|drug
DDI-DrugBank.d171.s0|214-221|diazepam|drug
DDI-DrugBank.d171.s0|232-256|tricyclic antidepressants|drug
DDI-DrugBank.d171.s0|259-267|lidocaine|drug
DDI-DrugBank.d171.s0|270-281|theophylline|drug
DDI-DrugBank.d171.s0|287-299|metronidazole|drug
DDI-DrugBank.d171.s1|68-81|anticoagulants|group
DDI-DrugBank.d171.s2|86-98|anticoagulant|group
DDI-DrugBank.d171.s2|127-133|Tagamet|brand
DDI-DrugBank.d171.s3|17-25|phenytoin|drug
DDI-DrugBank.d171.s3|28-36|lidocaine|drug
DDI-DrugBank.d171.s3|42-53|theophylline|drug
DDI-DrugBank.d171.s4|64-70|Tagamet|brand
DDI-DrugBank.d171.s4|146-157|theophylline|drug
DDI-DrugBank.d171.s4|160-167|Theo-Dur|brand
DDI-DrugBank.d171.s4|243-254|theophylline|drug
DDI-DrugBank.d171.s6|30-41|theophylline|drug
DDI-DrugBank.d171.s7|248-254|Tagamet|brand
DDI-DrugBank.d171.s8|63-74|ketoconazole|drug
DDI-DrugBank.d171.s9|75-84|cimetidine|drug
DDI-DrugBank.d171.s10|100-106|Tagamet|brand
DDI-DrugBank.d237.s0|0-8|Cisapride|drug
DDI-DrugBank.d237.s1|113-121|cisapride|drug
DDI-DrugBank.d237.s1|211-219|cisapride|drug
DDI-DrugBank.d237.s2|0-10|Antibiotics|group
DDI-DrugBank.d237.s2|52-65|clarithromycin|drug
DDI-DrugBank.d237.s2|68-79|erythromycin|drug
DDI-DrugBank.d237.s2|86-99|troleandomycin|drug
DDI-DrugBank.d237.s2|136-144|cisapride|drug
DDI-DrugBank.d237.s2|189-197|cisapride|drug
DDI-DrugBank.d237.s3|0-15|Anticholinergics|group
DDI-DrugBank.d237.s3|55-79|anticholinergic compounds|group
DDI-DrugBank.d237.s3|90-109|belladonna alkaloids|group
DDI-DrugBank.d237.s3|115-125|dicyclomine|drug
DDI-DrugBank.d237.s3|186-194|cisapride|drug
DDI-DrugBank.d237.s4|0-13|Anticoagulants|group
DDI-DrugBank.d237.s4|50-63|anticoagulants|group
DDI-DrugBank.d237.s5|107-115|cisapride|drug
DDI-DrugBank.d237.s5|164-176|anticoagulant|group
DDI-DrugBank.d237.s6|0-14|Antidepressants|group
DDI-DrugBank.d237.s6|45-54|nefazodone|drug
DDI-DrugBank.d237.s6|83-91|cisapride|drug
DDI-DrugBank.d237.s6|136-144|cisapride|drug
DDI-DrugBank.d237.s7|0-10|Antifungals|group
DDI-DrugBank.d237.s7|56-66|fluconazole|drug
DDI-DrugBank.d237.s7|69-80|itraconazole|drug
DDI-DrugBank.d237.s7|92-103|ketoconazole|drug
DDI-DrugBank.d237.s7|140-148|cisapride|drug
DDI-DrugBank.d237.s7|193-201|cisapride|drug
DDI-DrugBank.d237.s8|46-57|ketoconazole|drug
DDI-DrugBank.d237.s8|95-103|cisapride|drug
DDI-DrugBank.d237.s8|156-164|cisapride|drug
DDI-DrugBank.d237.s9|82-90|cisapride|drug
DDI-DrugBank.d237.s9|96-107|ketoconazole|drug
DDI-DrugBank.d237.s10|0-22|H2 Receptor Antagonists|group
DDI-DrugBank.d237.s10|25-34|Cimetidine|drug
DDI-DrugBank.d237.s10|112-120|cisapride|drug
DDI-DrugBank.d237.s10|145-153|cisapride|drug
DDI-DrugBank.d237.s10|197-206|ranitidine|drug
DDI-DrugBank.d237.s11|35-44|cimetidine|drug
DDI-DrugBank.d237.s11|50-59|ranitidine|drug
DDI-DrugBank.d237.s11|110-118|cisapride|drug
DDI-DrugBank.d237.s12|0-18|Protease Inhibitors|group
DDI-DrugBank.d237.s12|49-57|indinavir|drug
DDI-DrugBank.d237.s12|63-71|ritonavir|drug
DDI-DrugBank.d237.s12|108-116|cisapride|drug
DDI-DrugBank.d237.s12|160-168|cisapride|drug
DDI-DrugBank.d237.s13|49-57|cisapride|drug
DDI-DrugBank.d237.s13|92-100|cisapride|drug
DDI-DrugBank.d237.s14|0-8|Cisapride|drug
DDI-DrugBank.d237.s14|102-116|antiarrhythmics|group
DDI-DrugBank.d237.s14|156-164|quinidine|drug
DDI-DrugBank.d237.s14|170-181|procainamide|drug
DDI-DrugBank.d237.s14|207-213|sotalol|drug
DDI-DrugBank.d237.s15|0-24|tricyclic antidepressants|group
DDI-DrugBank.d237.s15|35-47|amitriptyline|drug
DDI-DrugBank.d237.s16|8-34|tetracyclic antidepressants|group
DDI-DrugBank.d237.s16|45-55|maprotiline|drug
DDI-DrugBank.d237.s17|8-32|antipsychotic medications|group
DDI-DrugBank.d237.s17|43-52|sertindole|drug
DDI-DrugBank.d237.s18|0-9|astemizole|drug
DDI-DrugBank.d237.s18|12-19|bepridil|drug
DDI-DrugBank.d237.s18|22-33|sparfloxacin|drug
DDI-DrugBank.d237.s18|40-49|terodiline|drug
DDI-DrugBank.d237.s20|40-48|cisapride|drug
DDI-DrugBank.d464.s0|0-6|Codeine|drug
DDI-DrugBank.d464.s0|34-52|narcotic analgesics|group
DDI-DrugBank.d464.s0|63-73|anesthetics|group
DDI-DrugBank.d464.s0|76-89|phenothiazines|group
DDI-DrugBank.d464.s0|92-104|tranquilizers|group
DDI-DrugBank.d464.s0|107-124|sedative-hypnotics|group
DDI-DrugBank.d464.s0|136-150|CNS depressants|group
DDI-DrugBank.d464.s0|163-169|alcohol|drug
DDI-DrugBank.d250.s0|14-24|antibiotics|group
DDI-DrugBank.d250.s0|27-41|aminoglycosides|group
DDI-DrugBank.d250.s1|77-86|Coly-Mycin|drug
DDI-DrugBank.d250.s2|0-26|Curariform muscle relaxants|group
DDI-DrugBank.d250.s2|33-44|tubocurarine|drug
DDI-DrugBank.d250.s2|81-95|succinylcholine|drug
DDI-DrugBank.d250.s2|98-106|gallamine|drug
DDI-DrugBank.d250.s2|109-121|decamethonium|drug
DDI-DrugBank.d250.s2|127-140|sodium citrate|drug
DDI-DrugBank.d250.s2|259-268|Coly-Mycin|drug
DDI-DrugBank.d250.s3|7-17|cephalothin|drug
DDI-DrugBank.d250.s4|23-40|sodium cephalothin|drug
DDI-DrugBank.d317.s11|68-82|thyroid hormone|group
DDI-DrugBank.d317.s13|171-185|corticosteroids|group
DDI-DrugBank.d317.s13|191-202|sex steroids|group
DDI-DrugBank.d439.s0|0-12|Corticotropin|drug
DDI-DrugBank.d439.s0|66-73|diuretic|drug
DDI-DrugBank.d101.s0|20-28|digitoxin|drug
DDI-DrugBank.d101.s1|32-38|digoxin|drug
DDI-DrugBank.d101.s2|19-27|digitoxin|drug
DDI-DrugBank.d101.s3|5-15|flucytosine|drug
DDI-DrugBank.d185.s0|65-70|ACZONE|brand
DDI-DrugBank.d185.s2|40-60|dapsone hydroxylamine|drug
DDI-DrugBank.d185.s4|41-48|rifampin|drug
DDI-DrugBank.d185.s4|51-65|anticonvulsants|group
DDI-DrugBank.d185.s5|43-63|dapsone hydroxylamine|drug
DDI-DrugBank.d185.s5|82-88|dapsone|drug
DDI-DrugBank.d185.s6|10-16|dapsone|drug
DDI-DrugBank.d185.s6|29-50|folic acid antagonists|group
DDI-DrugBank.d185.s6|60-72|pyrimethamine|drug
DDI-DrugBank.d69.s0|7-16|Cerubidine|brand
DDI-DrugBank.d69.s0|59-69|doxorubicin|drug
DDI-DrugBank.d69.s1|0-9|Cerubidine|brand
DDI-DrugBank.d69.s1|115-125|doxorubicin|drug
DDI-DrugBank.d69.s1|130-139|Cerubidine|brand
DDI-DrugBank.d69.s2|0-15|Cyclophosphamide|drug
DDI-DrugBank.d69.s2|40-49|Cerubidine|brand
DDI-DrugBank.d69.s3|20-29|Cerubidine|brand
DDI-DrugBank.d69.s3|81-103|myelosuppressive agents|group
DDI-DrugBank.d69.s4|43-54|methotrexate|drug
DDI-DrugBank.d197.s1|0-38|Anesthetics/Sedatives/Hypnotics/Opioids|group
DDI-DrugBank.d197.s1|62-69|PRECEDEX|brand
DDI-DrugBank.d197.s1|76-86|anesthetics|group
DDI-DrugBank.d197.s1|89-97|sedatives|group
DDI-DrugBank.d197.s1|100-108|hypnotics|group
DDI-DrugBank.d197.s1|115-121|opioids|group
DDI-DrugBank.d197.s2|51-61|sevoflurane|drug
DDI-DrugBank.d197.s2|64-73|isoflurane|drug
DDI-DrugBank.d197.s2|76-83|propofol|drug
DDI-DrugBank.d197.s2|86-95|alfentanil|drug
DDI-DrugBank.d197.s2|102-110|midazolam|drug
DDI-DrugBank.d197.s3|40-54|dexmedetomidine|drug
DDI-DrugBank.d197.s3|60-69|isoflurane|drug
DDI-DrugBank.d197.s3|72-79|propofol|drug
DDI-DrugBank.d197.s3|82-91|alfentanil|drug
DDI-DrugBank.d197.s3|98-106|midazolam|drug
DDI-DrugBank.d197.s4|81-88|PRECEDEX|brand
DDI-DrugBank.d197.s4|116-123|PRECEDEX|brand
DDI-DrugBank.d197.s4|178-183|opioid|group
DDI-DrugBank.d197.s5|0-21|Neuromuscular Blockers|group
DDI-DrugBank.d197.s5|81-88|PRECEDEX|brand
DDI-DrugBank.d197.s5|254-263|rocuronium|drug
DDI-DrugBank.d181.s0|0-7|Oxytocin|drug
DDI-DrugBank.d181.s0|18-26|oxytocics|group
DDI-DrugBank.d181.s0|49-57|dinoprost|drug
DDI-DrugBank.d168.s0|28-34|alcohol|drug
DDI-DrugBank.d168.s0|45-59|CNS depressants|group
DDI-DrugBank.d168.s0|135-148|antihistamines|group
DDI-DrugBank.d168.s0|152-167|anticholinergics|group
DDI-DrugBank.d168.s0|314-327|antihistamines|group
DDI-DrugBank.d168.s0|335-368|monoamine oxidase ( MAO ) inhibitors|group
DDI-DrugBank.d168.s0|391-404|antihistamines|group
DDI-DrugBank.d168.s0|482-495|antihistamines|group
DDI-DrugBank.d19.s0|0-9|Disulfiram|drug
DDI-DrugBank.d19.s1|0-9|DISULFIRAM|drug
DDI-DrugBank.d19.s1|67-75|PHENYTOIN|drug
DDI-DrugBank.d19.s2|115-124|DISULFIRAM|drug
DDI-DrugBank.d19.s2|142-150|PHENYTOIN|drug
DDI-DrugBank.d19.s3|28-37|DISULFIRAM|drug
DDI-DrugBank.d19.s4|16-24|PHENYTOIN|drug
DDI-DrugBank.d19.s5|10-18|PHENYTOIN|drug
DDI-DrugBank.d19.s6|49-62|anticoagulants|group
DDI-DrugBank.d19.s6|91-100|disulfiram|drug
DDI-DrugBank.d19.s6|109-118|disulfiram|drug
DDI-DrugBank.d19.s7|16-24|isoniazid|drug
DDI-DrugBank.d19.s7|31-40|disulfiram|drug
DDI-DrugBank.d19.s8|4-13|disulfiram|drug
DDI-DrugBank.d19.s9|35-44|disulfiram|drug
DDI-DrugBank.d19.s9|50-56|nitrite|drug
DDI-DrugBank.d19.s9|149-158|disulfiram|drug
DDI-DrugBank.d19.s9|175-182|nitrites|group
DDI-DrugBank.d19.s10|0-9|Disulfiram|drug
DDI-DrugBank.d371.s0|80-87|TAXOTERE|brand
DDI-DrugBank.d371.s1|51-59|docetaxel|drug
DDI-DrugBank.d371.s1|197-208|cyclosporine|drug
DDI-DrugBank.d371.s1|211-221|terfenadine|drug
DDI-DrugBank.d371.s1|224-235|ketoconazole|drug
DDI-DrugBank.d371.s1|238-249|erythromycin|drug
DDI-DrugBank.d371.s1|256-269|troleandomycin|drug
DDI-DrugBank.d371.s2|78-85|TAXOTERE|brand
DDI-DrugBank.d367.s0|21-29|doxazosin|drug
DDI-DrugBank.d367.s1|44-61|doxazosin mesylate|drug
DDI-DrugBank.d367.s1|99-105|digoxin|drug
DDI-DrugBank.d367.s1|108-115|warfarin|drug
DDI-DrugBank.d367.s1|118-126|phenytoin|drug
DDI-DrugBank.d367.s1|131-142|indomethacin|drug
DDI-DrugBank.d367.s2|84-92|doxazosin|drug
DDI-DrugBank.d367.s3|0-17|Doxazosin mesylate|drug
DDI-DrugBank.d367.s3|115-132|thiazide diuretics|group
DDI-DrugBank.d367.s3|135-154|beta-blocking agents|group
DDI-DrugBank.d367.s3|161-196|nonsteroidal anti-inflammatory drugs|group
DDI-DrugBank.d367.s4|96-104|doxazosin|drug
DDI-DrugBank.d367.s4|145-154|cimetidine|drug
DDI-DrugBank.d367.s4|219-227|doxazosin|drug
DDI-DrugBank.d367.s4|331-339|doxazosin|drug
DDI-DrugBank.d367.s5|46-54|doxazosin|drug
DDI-DrugBank.d367.s6|20-37|doxazosin mesylate|drug
DDI-DrugBank.d367.s8|0-17|Doxazosin mesylate|drug
DDI-DrugBank.d367.s9|35-47|acetaminophen|drug
DDI-DrugBank.d367.s9|50-56|aspirin|brand
DDI-DrugBank.d367.s9|59-65|codeine|drug
DDI-DrugBank.d367.s9|71-77|codeine|drug
DDI-DrugBank.d367.s9|93-101|ibuprofen|drug
DDI-DrugBank.d367.s9|104-115|indomethacin|drug
DDI-DrugBank.d367.s11|0-10|Antibiotics|group
DDI-DrugBank.d367.s11|19-30|erythromycin|drug
DDI-DrugBank.d367.s11|33-44|trimethoprim|drug
DDI-DrugBank.d367.s11|50-65|sulfamethoxazole|drug
DDI-DrugBank.d367.s11|68-78|amoxicillin|drug
DDI-DrugBank.d367.s13|0-13|Antihistamines|group
DDI-DrugBank.d367.s13|22-37|chlorpheniramine|drug
DDI-DrugBank.d367.s15|29-36|atenolol|drug
DDI-DrugBank.d367.s15|39-57|hydrochlorothiazide|drug
DDI-DrugBank.d367.s15|60-70|propranolol|drug
DDI-DrugBank.d367.s17|0-14|Corticosteroids|group
DDI-DrugBank.d367.s19|31-38|antacids|group
DDI-DrugBank.d367.s21|0-12|Hypoglycemics|group
DDI-DrugBank.d367.s23|0-8|Sedatives|group
DDI-DrugBank.d367.s23|14-26|tranquilizers|group
DDI-DrugBank.d367.s23|35-42|diazepam|drug
DDI-DrugBank.d223.s2|69-93|tricyclic antidepressants|group
DDI-DrugBank.d223.s2|96-99|TCAs|group
DDI-DrugBank.d223.s3|163-165|TCA|group
DDI-DrugBank.d223.s5|47-49|TCA|group
DDI-DrugBank.d223.s6|96-104|quinidine|drug
DDI-DrugBank.d223.s7|0-9|cimetidine|drug
DDI-DrugBank.d223.s7|66-80|antidepressants|group
DDI-DrugBank.d223.s7|83-96|phenothiazines|group
DDI-DrugBank.d223.s7|131-141|propafenone|drug
DDI-DrugBank.d223.s7|147-156|flecainide|drug
DDI-DrugBank.d223.s8|14-52|selective serotonin reuptake inhibitors|group
DDI-DrugBank.d223.s8|55-59|SSRIs|group
DDI-DrugBank.d223.s8|69-78|citalopram|drug
DDI-DrugBank.d223.s8|81-92|escitalopram|drug
DDI-DrugBank.d223.s8|95-104|fluoxetine|drug
DDI-DrugBank.d223.s8|107-116|sertraline|drug
DDI-DrugBank.d223.s8|123-132|paroxetine|drug
DDI-DrugBank.d223.s9|141-144|SSRI|group
DDI-DrugBank.d223.s10|63-66|TCAs|group
DDI-DrugBank.d223.s10|84-88|SSRIs|group
DDI-DrugBank.d223.s11|120-129|fluoxetine|drug
DDI-DrugBank.d223.s12|19-43|tricyclic antidepressants|group
DDI-DrugBank.d223.s12|156-179|tricyclic antidepressant|group
DDI-DrugBank.d223.s13|98-121|tricyclic antidepressant|group
DDI-DrugBank.d223.s14|27-29|TCA|group
DDI-DrugBank.d223.s14|56-58|TCA|group
DDI-DrugBank.d223.s15|0-6|Doxepin|drug
DDI-DrugBank.d223.s16|42-50|quinidine|drug
DDI-DrugBank.d223.s16|53-91|selective serotonin reuptake inhibitors|group
DDI-DrugBank.d223.s16|94-98|SSRIs|group
DDI-DrugBank.d223.s16|143-149|doxepin|drug
DDI-DrugBank.d223.s18|51-57|doxepin|drug
DDI-DrugBank.d223.s19|0-13|MAO Inhibitors|group
DDI-DrugBank.d223.s19|123-136|MAO inhibitors|group
DDI-DrugBank.d223.s20|11-24|MAO inhibitors|group
DDI-DrugBank.d223.s20|117-124|SINEQUAN|brand
DDI-DrugBank.d223.s22|0-9|Cimetidine|drug
DDI-DrugBank.d223.s22|12-21|Cimetidine|drug
DDI-DrugBank.d223.s22|136-160|tricyclic antidepressants|group
DDI-DrugBank.d223.s23|156-179|tricyclic antidepressant|group
DDI-DrugBank.d223.s23|186-195|cimetidine|drug
DDI-DrugBank.d223.s24|35-58|tricyclic antidepressant|group
DDI-DrugBank.d223.s24|133-142|cimetidine|drug
DDI-DrugBank.d223.s25|60-84|tricyclic antidepressants|group
DDI-DrugBank.d223.s25|107-116|cimetidine|drug
DDI-DrugBank.d223.s25|146-155|cimetidine|drug
DDI-DrugBank.d223.s25|218-241|tricyclic antidepressant|group
DDI-DrugBank.d223.s26|0-6|Alcohol|drug
DDI-DrugBank.d223.s26|41-47|alcohol|drug
DDI-DrugBank.d223.s26|128-135|SINEQUAN|brand
DDI-DrugBank.d223.s27|53-59|alcohol|drug
DDI-DrugBank.d223.s28|0-9|Tolazamide|drug
DDI-DrugBank.d223.s28|104-113|tolazamide|drug
DDI-DrugBank.d223.s28|156-162|doxepin|drug
DDI-DrugBank.d44.s0|60-66|RAPTIVA|brand
DDI-DrugBank.d44.s1|0-6|RAPTIVA|brand
DDI-DrugBank.d44.s1|38-60|immunosuppressive drugs|group
DDI-DrugBank.d44.s2|20-43|live-attenuated vaccines|group
DDI-DrugBank.d44.s2|79-85|RAPTIVA|brand
DDI-DrugBank.d44.s3|145-151|RAPTIVA|brand
DDI-DrugBank.d531.s0|0-8|Efavirenz|drug
DDI-DrugBank.d531.s1|112-118|SUSTIVA|brand
DDI-DrugBank.d531.s1|121-129|efavirenz|drug
DDI-DrugBank.d531.s2|40-48|efavirenz|drug
DDI-DrugBank.d531.s2|112-120|efavirenz|drug
DDI-DrugBank.d531.s3|20-28|efavirenz|drug
DDI-DrugBank.d531.s5|40-52|phenobarbital|drug
DDI-DrugBank.d531.s5|55-62|rifampin|drug
DDI-DrugBank.d531.s5|65-73|rifabutin|drug
DDI-DrugBank.d531.s5|123-131|efavirenz|drug
DDI-DrugBank.d531.s6|23-29|SUSTIVA|brand
DDI-DrugBank.d531.s7|55-61|SUSTIVA|brand
DDI-DrugBank.d531.s9|49-55|SUSTIVA|brand
DDI-DrugBank.d531.s10|0-13|Antihistamines|group
DDI-DrugBank.d531.s10|16-30|Benzodiazepines|group
DDI-DrugBank.d531.s10|65-74|Antifungal|brand
DDI-DrugBank.d531.s11|11-19|midazolam|drug
DDI-DrugBank.d531.s11|60-71|voriconazole|drug
DDI-DrugBank.d531.s17|0-9|Atazanavir|drug
DDI-DrugBank.d531.s18|0-9|atazanavir|drug
DDI-DrugBank.d531.s19|25-31|SUSTIVA|brand
DDI-DrugBank.d531.s19|86-95|atazanavir|drug
DDI-DrugBank.d531.s19|112-120|ritonavir|drug
DDI-DrugBank.d531.s19|133-139|SUSTIVA|brand
DDI-DrugBank.d531.s20|27-33|SUSTIVA|brand
DDI-DrugBank.d531.s20|39-48|atazanavir|drug
DDI-DrugBank.d531.s25|0-13|Clarithromycin|drug
DDI-DrugBank.d531.s26|0-13|clarithromycin|drug
DDI-DrugBank.d531.s27|35-41|SUSTIVA|brand
DDI-DrugBank.d531.s29|61-67|SUSTIVA|brand
DDI-DrugBank.d531.s29|73-86|clarithromycin|drug
DDI-DrugBank.d531.s30|22-28|SUSTIVA|brand
DDI-DrugBank.d531.s30|61-74|clarithromycin|drug
DDI-DrugBank.d531.s31|16-29|clarithromycin|drug
DDI-DrugBank.d531.s31|40-51|azithromycin|drug
DDI-DrugBank.d531.s32|6-26|macrolide antibiotics|group
DDI-DrugBank.d531.s32|37-48|erythromycin|drug
DDI-DrugBank.d531.s32|93-99|SUSTIVA|brand
DDI-DrugBank.d531.s35|0-8|Indinavir|drug
DDI-DrugBank.d531.s36|0-8|indinavir|drug
DDI-DrugBank.d531.s37|20-28|indinavir|drug
DDI-DrugBank.d531.s37|62-68|SUSTIVA|brand
DDI-DrugBank.d531.s38|15-23|indinavir|drug
DDI-DrugBank.d531.s38|121-127|SUSTIVA|brand
DDI-DrugBank.d531.s39|5-13|indinavir|drug
DDI-DrugBank.d531.s39|75-81|SUSTIVA|brand
DDI-DrugBank.d531.s39|108-116|indinavir|drug
DDI-DrugBank.d531.s39|210-218|indinavir|drug
DDI-DrugBank.d531.s41|0-8|lopinavir|drug
DDI-DrugBank.d531.s42|149-155|SUSTIVA|brand
DDI-DrugBank.d531.s43|0-8|Methadone|drug
DDI-DrugBank.d531.s44|0-8|methadone|drug
DDI-DrugBank.d531.s45|121-129|methadone|drug
DDI-DrugBank.d531.s45|144-149|opiate|group
DDI-DrugBank.d531.s46|0-8|Methadone|drug
DDI-DrugBank.d531.s47|63-71|methadone|drug
DDI-DrugBank.d531.s48|0-16|Ethinyl estradiol|drug
DDI-DrugBank.d531.s49|0-16|ethinyl estradiol|drug
DDI-DrugBank.d531.s50|35-41|SUSTIVA|brand
DDI-DrugBank.d531.s50|44-52|efavirenz|drug
DDI-DrugBank.d531.s52|37-45|efavirenz|drug
DDI-DrugBank.d531.s52|57-70|contraceptives|group
DDI-DrugBank.d531.s52|184-197|contraceptives|group
DDI-DrugBank.d531.s53|0-8|Rifabutin|drug
DDI-DrugBank.d531.s54|0-8|rifabutin|drug
DDI-DrugBank.d531.s55|23-31|rifabutin|drug
DDI-DrugBank.d531.s56|22-30|rifabutin|drug
DDI-DrugBank.d531.s56|55-63|rifabutin|drug
DDI-DrugBank.d531.s57|0-7|Rifampin|drug
DDI-DrugBank.d531.s58|0-8|efavirenz|drug
DDI-DrugBank.d531.s60|0-8|Ritonavir|drug
DDI-DrugBank.d531.s61|0-8|ritonavir|drug
DDI-DrugBank.d531.s63|48-54|SUSTIVA|brand
DDI-DrugBank.d531.s63|84-92|ritonavir|drug
DDI-DrugBank.d531.s64|0-8|efavirenz|drug
DDI-DrugBank.d531.s65|0-9|Saquinavir|drug
DDI-DrugBank.d531.s66|0-9|saquinavir|drug
DDI-DrugBank.d531.s67|22-44|sole protease inhibitor|group
DDI-DrugBank.d531.s67|66-72|SUSTIVA|brand
DDI-DrugBank.d531.s68|0-9|Sertraline|drug
DDI-DrugBank.d531.s69|0-9|sertraline|drug
DDI-DrugBank.d531.s70|13-22|sertraline|drug
DDI-DrugBank.d531.s72|0-13|Anticoagulants|group
DDI-DrugBank.d531.s72|16-23|Warfarin|drug
DDI-DrugBank.d531.s73|72-78|SUSTIVA|brand
DDI-DrugBank.d531.s74|0-14|Anticonvulsants|group
DDI-DrugBank.d531.s74|41-53|Carbamazepine|drug
DDI-DrugBank.d531.s75|27-40|anticonvulsant|group
DDI-DrugBank.d531.s75|49-57|efavirenz|drug
DDI-DrugBank.d531.s76|23-36|anticonvulsant|group
DDI-DrugBank.d531.s77|0-10|Antifungals|group
DDI-DrugBank.d531.s77|26-37|Ketoconazole|drug
DDI-DrugBank.d531.s78|30-36|SUSTIVA|brand
DDI-DrugBank.d531.s78|48-56|imidazole|drug
DDI-DrugBank.d531.s78|62-81|triazole antifungals|group
DDI-DrugBank.d531.s79|0-6|SUSTIVA|brand
DDI-DrugBank.d531.s79|63-74|itraconazole|drug
DDI-DrugBank.d531.s79|80-91|ketoconazole|drug
DDI-DrugBank.d531.s80|0-27|Anti-HIV protease inhibitors|group
DDI-DrugBank.d531.s82|0-9|Amprenavir|drug
DDI-DrugBank.d531.s83|61-70|amprenavir|drug
DDI-DrugBank.d531.s84|0-46|Non-nucleoside reverse transcriptase inhibitors|group
DDI-DrugBank.d531.s87|52-60|efavirenz|drug
DDI-DrugBank.d531.s87|103-109|SUSTIVA|brand
DDI-DrugBank.d531.s90|104-110|SUSTIVA|brand
DDI-DrugBank.d531.s90|113-121|efavirenz|drug
DDI-DrugBank.d531.s90|182-189|antacids|group
DDI-DrugBank.d531.s90|192-203|azithromycin|drug
DDI-DrugBank.d531.s90|206-215|cetirizine|drug
DDI-DrugBank.d531.s90|218-227|famotidine|drug
DDI-DrugBank.d531.s90|230-240|fluconazole|drug
DDI-DrugBank.d531.s90|243-252|lamivudine|drug
DDI-DrugBank.d531.s90|255-263|lorazepam|drug
DDI-DrugBank.d531.s90|266-275|nelfinavir|drug
DDI-DrugBank.d531.s90|278-287|paroxetine|drug
DDI-DrugBank.d531.s90|294-303|zidovudine|drug
DDI-DrugBank.d531.s91|63-69|SUSTIVA|brand
DDI-DrugBank.d531.s91|92-101|lamivudine|drug
DDI-DrugBank.d531.s91|107-116|zidovudine|drug
DDI-DrugBank.d531.s92|117-125|efavirenz|drug
DDI-DrugBank.d107.s0|55-63|diuretics|group
DDI-DrugBank.d107.s0|238-246|enalapril|drug
DDI-DrugBank.d107.s0|251-261|enalaprilat|drug
DDI-DrugBank.d107.s1|44-52|enalapril|drug
DDI-DrugBank.d107.s1|57-67|enalaprilat|drug
DDI-DrugBank.d107.s1|114-121|diuretic|group
DDI-DrugBank.d107.s1|191-199|enalapril|drug
DDI-DrugBank.d107.s1|204-214|enalaprilat|drug
DDI-DrugBank.d107.s2|35-42|diuretic|group
DDI-DrugBank.d107.s3|61-69|enalapril|drug
DDI-DrugBank.d107.s3|75-83|enalapril|drug
DDI-DrugBank.d107.s3|104-126|antihypertensive agents|group
DDI-DrugBank.d107.s3|160-168|diuretics|group
DDI-DrugBank.d107.s4|0-37|Non-steroidal Anti-inflammatory Agents|group
DDI-DrugBank.d107.s4|116-151|nonsteroidal anti-inflammatory drugs|group
DDI-DrugBank.d107.s4|179-187|enalapril|drug
DDI-DrugBank.d107.s6|34-45|indomethacin|drug
DDI-DrugBank.d107.s6|50-57|sulindac|drug
DDI-DrugBank.d107.s6|111-117|VASOTEC|brand
DDI-DrugBank.d107.s7|84-90|VASOTEC|brand
DDI-DrugBank.d107.s8|30-35|NSAIDs|group
DDI-DrugBank.d107.s8|81-94|ACE inhibitors|group
DDI-DrugBank.d107.s9|66-71|NSAIDs|group
DDI-DrugBank.d107.s9|92-105|ACE inhibitors|group
DDI-DrugBank.d107.s10|29-37|Enalapril|drug
DDI-DrugBank.d107.s10|43-51|enalapril|drug
DDI-DrugBank.d107.s10|90-120|beta adrenergic-blocking agents|group
DDI-DrugBank.d107.s10|123-132|methyldopa|drug
DDI-DrugBank.d107.s10|135-142|nitrates|group
DDI-DrugBank.d107.s10|145-167|calcium-blocking agents|group
DDI-DrugBank.d107.s10|170-180|hydralazine|drug
DDI-DrugBank.d107.s10|183-190|prazosin|drug
DDI-DrugBank.d107.s10|196-202|digoxin|drug
DDI-DrugBank.d107.s11|0-8|Enalapril|drug
DDI-DrugBank.d107.s11|46-54|digitalis|group
DDI-DrugBank.d107.s12|35-43|Enalapril|drug
DDI-DrugBank.d107.s12|49-57|enalapril|drug
DDI-DrugBank.d107.s12|97-119|thiazide-type diuretics|group
DDI-DrugBank.d107.s13|0-26|Potassium-sparing diuretics|group
DDI-DrugBank.d107.s13|35-48|spironolactone|drug
DDI-DrugBank.d107.s13|51-61|triamterene|drug
DDI-DrugBank.d107.s13|67-75|amiloride|drug
DDI-DrugBank.d107.s13|79-87|potassium|drug
DDI-DrugBank.d107.s15|95-103|enalapril|drug
DDI-DrugBank.d107.s16|0-6|Lithium|drug
DDI-DrugBank.d107.s16|9-15|Lithium|drug
DDI-DrugBank.d107.s16|66-72|lithium|drug
DDI-DrugBank.d107.s16|144-157|ACE inhibitors|group
DDI-DrugBank.d107.s17|29-35|lithium|drug
DDI-DrugBank.d107.s17|71-79|enalapril|drug
DDI-DrugBank.d107.s17|116-122|lithium|drug
DDI-DrugBank.d395.s0|0-6|Bismuth|brand
DDI-DrugBank.d395.s0|9-29|Bismuth subsalicylate|drug
DDI-DrugBank.d395.s0|57-64|enoxacin|drug
DDI-DrugBank.d395.s0|90-97|enoxacin|drug
DDI-DrugBank.d395.s0|125-132|enoxacin|drug
DDI-DrugBank.d395.s1|36-43|enoxacin|drug
DDI-DrugBank.d395.s1|49-69|bismuth subsalicylate|drug
DDI-DrugBank.d395.s2|0-7|Caffeine|drug
DDI-DrugBank.d395.s2|10-17|Enoxacin|drug
DDI-DrugBank.d395.s2|108-122|methylxanthines|group
DDI-DrugBank.d395.s3|26-33|enoxacin|drug
DDI-DrugBank.d395.s3|103-110|caffeine|drug
DDI-DrugBank.d395.s3|149-156|caffeine|drug
DDI-DrugBank.d395.s3|239-246|caffeine|drug
DDI-DrugBank.d395.s4|14-21|enoxacin|drug
DDI-DrugBank.d395.s4|56-63|caffeine|drug
DDI-DrugBank.d395.s4|69-76|enoxacin|drug
DDI-DrugBank.d395.s5|69-76|caffeine|drug
DDI-DrugBank.d395.s5|100-107|enoxacin|drug
DDI-DrugBank.d395.s6|0-11|Cyclosporine|drug
DDI-DrugBank.d395.s6|39-50|cyclosporine|drug
DDI-DrugBank.d395.s6|95-106|cyclosporine|drug
DDI-DrugBank.d395.s6|134-148|quinolone class|group
DDI-DrugBank.d395.s7|0-6|Digoxin|drug
DDI-DrugBank.d395.s7|9-16|Enoxacin|drug
DDI-DrugBank.d395.s7|34-40|digoxin|drug
DDI-DrugBank.d395.s8|36-42|digoxin|drug
DDI-DrugBank.d395.s8|64-71|enoxacin|drug
DDI-DrugBank.d395.s8|77-83|digoxin|drug
DDI-DrugBank.d395.s8|149-155|digoxin|drug
DDI-DrugBank.d395.s8|175-181|digoxin|drug
DDI-DrugBank.d395.s9|0-37|Non-steroidal anti-inflammatory agents|group
DDI-DrugBank.d395.s9|87-94|enoxacin|drug
DDI-DrugBank.d395.s9|155-162|fenbufen|drug
DDI-DrugBank.d395.s11|0-7|Fenbufen|drug
DDI-DrugBank.d395.s12|0-9|Sucralfate|drug
DDI-DrugBank.d395.s12|15-22|antacids|group
DDI-DrugBank.d395.s12|25-34|Quinolones|group
DDI-DrugBank.d395.s13|29-38|quinolones|group
DDI-DrugBank.d395.s13|45-52|antacids|group
DDI-DrugBank.d395.s13|65-71|calcium|drug
DDI-DrugBank.d395.s13|74-82|magnesium|drug
DDI-DrugBank.d395.s13|88-95|aluminum|drug
DDI-DrugBank.d395.s14|5-14|sucralfate|drug
DDI-DrugBank.d395.s15|43-46|iron|drug
DDI-DrugBank.d395.s16|8-20|multivitamins|group
DDI-DrugBank.d395.s16|33-36|zinc|drug
DDI-DrugBank.d395.s17|0-7|Antacids|group
DDI-DrugBank.d395.s17|20-37|aluminum hydroxide|drug
DDI-DrugBank.d395.s17|43-61|magnesium hydroxide|drug
DDI-DrugBank.d395.s17|93-100|enoxacin|drug
DDI-DrugBank.d395.s18|28-35|enoxacin|drug
DDI-DrugBank.d395.s18|80-89|ranitidine|drug
DDI-DrugBank.d395.s19|73-80|enoxacin|drug
DDI-DrugBank.d395.s20|0-11|Theophylline|drug
DDI-DrugBank.d395.s20|14-21|Enoxacin|drug
DDI-DrugBank.d395.s20|112-126|methylxanthines|group
DDI-DrugBank.d395.s21|0-7|Enoxacin|drug
DDI-DrugBank.d395.s21|43-54|theophylline|drug
DDI-DrugBank.d395.s21|107-118|theophylline|drug
DDI-DrugBank.d395.s21|178-189|theophylline|drug
DDI-DrugBank.d395.s22|68-79|theophylline|drug
DDI-DrugBank.d395.s22|85-92|enoxacin|drug
DDI-DrugBank.d395.s23|0-7|Warfarin|drug
DDI-DrugBank.d395.s23|10-19|Quinolones|group
DDI-DrugBank.d395.s23|32-39|enoxacin|drug
DDI-DrugBank.d395.s23|68-77|R-warfarin|drug
DDI-DrugBank.d395.s23|114-121|warfarin|drug
DDI-DrugBank.d395.s24|0-7|Enoxacin|drug
DDI-DrugBank.d395.s24|120-127|enoxacin|drug
DDI-DrugBank.d395.s24|133-140|warfarin|drug
DDI-DrugBank.d395.s25|95-102|warfarin|drug
DDI-DrugBank.d395.s25|127-134|enoxacin|drug
DDI-DrugBank.d241.s0|55-60|FLOLAN|brand
DDI-DrugBank.d241.s0|83-91|diuretics|group
DDI-DrugBank.d241.s0|94-116|antihypertensive agents|group
DDI-DrugBank.d241.s0|128-139|vasodilators|group
DDI-DrugBank.d241.s1|11-29|antiplatelet agents|group
DDI-DrugBank.d241.s1|34-47|anticoagulants|group
DDI-DrugBank.d241.s1|100-105|FLOLAN|brand
DDI-DrugBank.d241.s2|41-46|FLOLAN|brand
DDI-DrugBank.d241.s2|86-99|anticoagulants|group
DDI-DrugBank.d241.s3|20-25|FLOLAN|brand
DDI-DrugBank.d241.s3|41-47|digoxin|drug
DDI-DrugBank.d241.s3|50-58|diuretics|group
DDI-DrugBank.d241.s3|61-74|anticoagulants|group
DDI-DrugBank.d241.s3|82-93|vasodilators|group
DDI-DrugBank.d241.s3|202-211|furosemide|drug
DDI-DrugBank.d241.s3|216-222|digoxin|drug
DDI-DrugBank.d241.s3|245-250|FLOLAN|brand
DDI-DrugBank.d241.s3|302-311|furosemide|drug
DDI-DrugBank.d241.s3|326-332|digoxin|drug
DDI-DrugBank.d241.s4|14-23|furosemide|drug
DDI-DrugBank.d241.s5|21-27|digoxin|drug
DDI-DrugBank.d241.s5|52-58|digoxin|drug
DDI-DrugBank.d241.s5|108-113|FLOLAN|brand
DDI-DrugBank.d241.s5|173-179|digoxin|drug
DDI-DrugBank.d525.s0|0-9|Eprosartan|drug
DDI-DrugBank.d525.s0|71-77|digoxin|drug
DDI-DrugBank.d525.s0|107-114|warfarin|drug
DDI-DrugBank.d525.s0|120-128|glyburide|drug
DDI-DrugBank.d525.s2|8-17|eprosartan|drug
DDI-DrugBank.d525.s2|149-160|ketoconazole|drug
DDI-DrugBank.d525.s2|166-176|fluconazole|drug
DDI-DrugBank.d525.s2|266-275|eprosartan|drug
DDI-DrugBank.d525.s3|0-9|Ranitidine|drug
DDI-DrugBank.d525.s3|33-42|eprosartan|drug
DDI-DrugBank.d525.s4|0-9|Eprosartan|drug
DDI-DrugBank.d525.s4|97-113|thiazide diuretic|group
DDI-DrugBank.d525.s4|116-134|hydrochlorothiazide|drug
DDI-DrugBank.d525.s5|0-9|Eprosartan|drug
DDI-DrugBank.d525.s5|81-122|sustained-release calcium channel blockers|group
DDI-DrugBank.d525.s5|143-152|nifedipine|drug
DDI-DrugBank.d278.s0|0-9|Enoxaparin|drug
DDI-DrugBank.d278.s0|113-124|eptifibatide|drug
DDI-DrugBank.d152.s0|87-100|contraceptives|group
DDI-DrugBank.d152.s1|67-74|estrogen|group
DDI-DrugBank.d152.s1|87-105|sulfobromophthalein|drug
DDI-DrugBank.d152.s3|10-23|antithrombin 3|drug
DDI-DrugBank.d152.s9|20-29|metyrapone|drug
DDI-DrugBank.d359.s0|0-7|PEGANONE|brand
DDI-DrugBank.d359.s1|44-51|PEGANONE|brand
DDI-DrugBank.d359.s1|87-95|Phenurone|drug
DDI-DrugBank.d359.s1|98-108|phenacemide|drug
DDI-DrugBank.d359.s2|34-56|hydantoin antiepileptic|group
DDI-DrugBank.d359.s2|59-67|phenytoin|drug
DDI-DrugBank.d359.s2|78-100|coumarin anticoagulants|group
DDI-DrugBank.d359.s3|12-20|phenytoin|drug
DDI-DrugBank.d359.s3|46-64|coumarin metabolism|group
DDI-DrugBank.d359.s3|127-149|coumarin anticoagulants|group
DDI-DrugBank.d359.s4|16-38|coumarin anticoagulants|group
DDI-DrugBank.d359.s4|123-131|phenytoin|drug
DDI-DrugBank.d359.s5|74-81|ethotoin|drug
DDI-DrugBank.d359.s5|91-113|coumarin anticoagulants|group
DDI-DrugBank.d359.s6|48-55|PEGANONE|brand
DDI-DrugBank.d359.s6|79-101|coumarin anticoagulants|group
DDI-DrugBank.d219.s0|36-41|NSAIDs|group
DDI-DrugBank.d219.s0|87-100|ACE-inhibitors|group
DDI-DrugBank.d219.s1|66-71|NSAIDs|group
DDI-DrugBank.d219.s1|92-105|ACE-inhibitors|group
DDI-DrugBank.d219.s2|0-7|Antacids|group
DDI-DrugBank.d219.s2|44-51|antacids|group
DDI-DrugBank.d219.s2|107-112|Lodine|brand
DDI-DrugBank.d219.s3|9-16|antacids|group
DDI-DrugBank.d219.s4|0-6|Aspirin|brand
DDI-DrugBank.d219.s4|14-19|Lodine|brand
DDI-DrugBank.d219.s4|42-48|aspirin|brand
DDI-DrugBank.d219.s4|114-121|etodolac|drug
DDI-DrugBank.d219.s6|23-28|NSAIDs|group
DDI-DrugBank.d219.s6|61-66|Lodine|brand
DDI-DrugBank.d219.s6|72-78|aspirin|brand
DDI-DrugBank.d219.s7|0-11|Cyclosporine|drug
DDI-DrugBank.d219.s7|14-20|Digoxin|drug
DDI-DrugBank.d219.s7|36-41|Lodine|brand
DDI-DrugBank.d219.s7|55-60|NSAIDs|group
DDI-DrugBank.d219.s7|192-203|cyclosporine|drug
DDI-DrugBank.d219.s7|206-212|digoxin|drug
DDI-DrugBank.d219.s7|215-226|methotrexate|drug
DDI-DrugBank.d219.s8|31-42|cyclosporine|drug
DDI-DrugBank.d219.s9|66-70|NSAID|group
DDI-DrugBank.d219.s10|0-8|Diuretics|group
DDI-DrugBank.d219.s10|11-18|Etodolac|drug
DDI-DrugBank.d219.s10|87-96|furosemide|drug
DDI-DrugBank.d219.s10|101-119|hydrochlorothiazide|drug
DDI-DrugBank.d219.s11|86-91|Lodine|brand
DDI-DrugBank.d219.s11|130-139|furosemide|drug
DDI-DrugBank.d219.s11|145-153|thiazides|group
DDI-DrugBank.d219.s13|32-37|NSAIDs|group
DDI-DrugBank.d219.s14|0-8|Glyburide|drug
DDI-DrugBank.d219.s14|11-18|Etodolac|drug
DDI-DrugBank.d219.s14|87-95|glyburide|drug
DDI-DrugBank.d219.s15|0-6|Lithium|drug
DDI-DrugBank.d219.s15|9-14|NSAIDs|group
DDI-DrugBank.d219.s15|53-59|lithium|drug
DDI-DrugBank.d219.s15|93-99|lithium|drug
DDI-DrugBank.d219.s16|17-23|lithium|drug
DDI-DrugBank.d219.s17|89-93|NSAID|group
DDI-DrugBank.d219.s18|11-16|NSAIDs|group
DDI-DrugBank.d219.s18|22-28|lithium|drug
DDI-DrugBank.d219.s18|112-118|lithium|drug
DDI-DrugBank.d219.s19|0-13|Phenylbutazone|drug
DDI-DrugBank.d219.s19|16-29|Phenylbutazone|drug
DDI-DrugBank.d219.s19|86-93|etodolac|drug
DDI-DrugBank.d219.s20|54-61|etodolac|drug
DDI-DrugBank.d219.s20|107-120|phenylbutazone|drug
DDI-DrugBank.d219.s21|0-8|Phenytoin|drug
DDI-DrugBank.d219.s21|11-18|Etodolac|drug
DDI-DrugBank.d219.s21|87-95|phenytoin|drug
DDI-DrugBank.d219.s22|0-7|Warfarin|drug
DDI-DrugBank.d219.s22|25-32|warfarin|drug
DDI-DrugBank.d219.s22|38-43|NSAIDs|group
DDI-DrugBank.d219.s23|88-95|warfarin|drug
DDI-DrugBank.d219.s23|101-106|Lodine|brand
DDI-DrugBank.d219.s23|110-117|etodolac|drug
DDI-DrugBank.d219.s23|179-186|warfarin|drug
DDI-DrugBank.d219.s23|238-245|warfarin|drug
DDI-DrugBank.d219.s24|69-76|warfarin|drug
DDI-DrugBank.d219.s24|101-108|warfarin|drug
DDI-DrugBank.d219.s24|128-133|Lodine|brand
DDI-DrugBank.d219.s25|31-38|warfarin|drug
DDI-DrugBank.d219.s25|44-49|Lodine|brand
DDI-DrugBank.d219.s26|196-203|warfarin|drug
DDI-DrugBank.d219.s27|65-70|Lodine|brand
DDI-DrugBank.d219.s27|187-194|etodolac|drug
DDI-DrugBank.d219.s28|143-148|Lodine|brand
DDI-DrugBank.d219.s31|0-5|Lodine|brand
DDI-DrugBank.d219.s32|97-104|etodolac|drug
DDI-DrugBank.d104.s0|0-11|Fenfluramine|drug
DDI-DrugBank.d104.s0|49-70|antihypertensive drugs|group
DDI-DrugBank.d104.s0|79-90|guanethidine|drug
DDI-DrugBank.d104.s0|93-102|methyldopa|drug
DDI-DrugBank.d104.s0|105-113|reserpine|drug
DDI-DrugBank.d104.s1|6-25|CNS depressant drugs|group
DDI-DrugBank.d104.s1|74-85|fenfluramine|drug
DDI-DrugBank.d546.s0|23-35|Beta-Blockers|group
DDI-DrugBank.d546.s0|57-66|fenoldopam|drug
DDI-DrugBank.d546.s0|73-85|beta-blockers|group
DDI-DrugBank.d546.s1|171-180|fenoldopam|drug
DDI-DrugBank.d546.s2|96-105|fenoldopam|drug
DDI-DrugBank.d546.s2|155-163|digitalis|group
DDI-DrugBank.d546.s2|180-192|nitroglycerin|drug
DDI-DrugBank.d546.s3|45-67|antihypertensive agents|group
DDI-DrugBank.d546.s3|77-90|alpha-blockers|group
DDI-DrugBank.d546.s3|93-116|calcium channel-blockers|group
DDI-DrugBank.d546.s3|119-132|ACE inhibitors|group
DDI-DrugBank.d546.s3|139-147|diuretics|group
DDI-DrugBank.d546.s3|173-176|loop|group
DDI-DrugBank.d776.s0|64-71|DIFLUCAN|brand
DDI-DrugBank.d776.s1|45-52|DIFLUCAN|brand
DDI-DrugBank.d776.s2|51-63|hypoglycemics|group
DDI-DrugBank.d776.s2|66-93|Coumarin-type anticoagulants|group
DDI-DrugBank.d776.s2|96-104|Phenytoin|drug
DDI-DrugBank.d776.s2|107-118|Cyclosporine|drug
DDI-DrugBank.d776.s2|121-128|Rifampin|drug
DDI-DrugBank.d776.s2|131-142|Theophylline|drug
DDI-DrugBank.d776.s2|145-155|Terfenadine|drug
DDI-DrugBank.d776.s2|158-166|Cisapride|drug
DDI-DrugBank.d776.s2|169-178|Astemizole|drug
DDI-DrugBank.d776.s2|181-189|Rifabutin|drug
DDI-DrugBank.d776.s2|192-201|Tacrolimus|drug
DDI-DrugBank.d776.s2|217-231|benzodiazepines|group
DDI-DrugBank.d776.s2|240-252|hypoglycemics|group
DDI-DrugBank.d776.s2|325-332|DIFLUCAN|brand
DDI-DrugBank.d776.s2|344-362|hypoglycemic agents|group
DDI-DrugBank.d776.s3|78-85|DIFLUCAN|brand
DDI-DrugBank.d776.s3|91-99|glyburide|drug
DDI-DrugBank.d776.s4|0-7|DIFLUCAN|brand
DDI-DrugBank.d776.s4|35-45|tolbutamide|drug
DDI-DrugBank.d776.s4|48-56|glyburide|drug
DDI-DrugBank.d776.s4|63-71|glipizide|drug
DDI-DrugBank.d776.s5|5-12|DIFLUCAN|brand
DDI-DrugBank.d776.s5|56-67|sulfonylurea|group
DDI-DrugBank.d776.s5|74-92|hypoglycemic agents|group
DDI-DrugBank.d776.s5|174-185|sulfonylurea|group
DDI-DrugBank.d776.s6|0-27|Coumarin-type anticoagulants|group
DDI-DrugBank.d776.s6|98-105|DIFLUCAN|brand
DDI-DrugBank.d776.s6|111-138|coumarin-type anticoagulants|group
DDI-DrugBank.d776.s7|44-60|azole antifungals|group
DDI-DrugBank.d776.s7|242-252|fluconazole|drug
DDI-DrugBank.d776.s7|272-279|warfarin|drug
DDI-DrugBank.d776.s8|61-68|DIFLUCAN|brand
DDI-DrugBank.d776.s8|74-101|coumarin-type anticoagulants|group
DDI-DrugBank.d776.s10|0-8|Phenytoin|drug
DDI-DrugBank.d776.s10|11-18|DIFLUCAN|brand
DDI-DrugBank.d776.s10|59-67|phenytoin|drug
DDI-DrugBank.d776.s11|22-30|phenytoin|drug
DDI-DrugBank.d776.s11|69-76|DIFLUCAN|brand
DDI-DrugBank.d776.s11|82-90|phenytoin|drug
DDI-DrugBank.d776.s13|0-11|Cyclosporine|drug
DDI-DrugBank.d776.s13|14-21|DIFLUCAN|brand
DDI-DrugBank.d776.s13|50-61|cyclosporine|drug
DDI-DrugBank.d776.s14|22-33|cyclosporine|drug
DDI-DrugBank.d776.s14|108-115|DIFLUCAN|brand
DDI-DrugBank.d776.s14|121-132|cyclosporine|drug
DDI-DrugBank.d776.s16|0-7|Rifampin|drug
DDI-DrugBank.d776.s16|10-17|Rifampin|drug
DDI-DrugBank.d776.s16|72-79|DIFLUCAN|brand
DDI-DrugBank.d776.s17|93-100|DIFLUCAN|brand
DDI-DrugBank.d776.s17|131-138|rifampin|drug
DDI-DrugBank.d776.s18|0-11|Theophylline|drug
DDI-DrugBank.d776.s18|14-21|DIFLUCAN|brand
DDI-DrugBank.d776.s18|61-72|theophylline|drug
DDI-DrugBank.d776.s19|28-39|theophylline|drug
DDI-DrugBank.d776.s19|78-85|DIFLUCAN|brand
DDI-DrugBank.d776.s19|91-102|theophylline|drug
DDI-DrugBank.d776.s20|0-10|Terfenadine|drug
DDI-DrugBank.d776.s20|139-155|azole antifungals|group
DDI-DrugBank.d776.s20|177-187|terfenadine|drug
DDI-DrugBank.d776.s21|36-46|fluconazole|drug
DDI-DrugBank.d776.s22|51-61|fluconazole|drug
DDI-DrugBank.d776.s22|81-88|DIFLUCAN|brand
DDI-DrugBank.d776.s22|175-185|terfenadine|drug
DDI-DrugBank.d776.s23|20-30|fluconazole|drug
DDI-DrugBank.d776.s23|67-77|terfenadine|drug
DDI-DrugBank.d776.s24|24-34|fluconazole|drug
DDI-DrugBank.d776.s24|72-82|terfenadine|drug
DDI-DrugBank.d776.s25|0-8|Cisapride|drug
DDI-DrugBank.d776.s25|103-113|fluconazole|drug
DDI-DrugBank.d776.s25|119-127|cisapride|drug
DDI-DrugBank.d776.s26|42-52|fluconazole|drug
DDI-DrugBank.d776.s26|76-84|cisapride|drug
DDI-DrugBank.d776.s26|143-151|cisapride|drug
DDI-DrugBank.d776.s27|20-30|fluconazole|drug
DDI-DrugBank.d776.s27|37-45|cisapride|drug
DDI-DrugBank.d776.s28|0-9|Astemizole|drug
DDI-DrugBank.d776.s28|23-33|fluconazole|drug
DDI-DrugBank.d776.s28|67-76|astemizole|drug
DDI-DrugBank.d776.s29|86-96|fluconazole|drug
DDI-DrugBank.d776.s31|0-8|Rifabutin|drug
DDI-DrugBank.d776.s31|66-76|fluconazole|drug
DDI-DrugBank.d776.s31|82-90|rifabutin|drug
DDI-DrugBank.d776.s32|19-27|rifabutin|drug
DDI-DrugBank.d776.s32|33-43|fluconazole|drug
DDI-DrugBank.d776.s33|0-9|Tacrolimus|drug
DDI-DrugBank.d776.s33|74-84|fluconazole|drug
DDI-DrugBank.d776.s33|90-99|tacrolimus|drug
DDI-DrugBank.d776.s34|19-28|tacrolimus|drug
DDI-DrugBank.d776.s34|34-44|fluconazole|drug
DDI-DrugBank.d776.s35|13-27|Benzodiazepines|group
DDI-DrugBank.d776.s35|63-71|midazolam|drug
DDI-DrugBank.d776.s35|74-84|fluconazole|drug
DDI-DrugBank.d776.s35|123-131|midazolam|drug
DDI-DrugBank.d776.s36|15-23|midazolam|drug
DDI-DrugBank.d776.s36|88-98|fluconazole|drug
DDI-DrugBank.d776.s36|110-120|fluconazole|drug
DDI-DrugBank.d776.s37|3-30|short-acting benzodiazepines|group
DDI-DrugBank.d776.s37|122-132|fluconazole|drug
DDI-DrugBank.d776.s37|183-196|benzodiazepine|group
DDI-DrugBank.d776.s38|0-10|Fluconazole|drug
DDI-DrugBank.d776.s38|40-57|ethinyl estradiol-|drug
DDI-DrugBank.d776.s38|94-107|contraceptives|group
DDI-DrugBank.d776.s38|146-162|ethinyl estradiol|drug
DDI-DrugBank.d776.s38|168-181|levonorgestrel|drug
DDI-DrugBank.d776.s39|68-84|ethinyl estradiol|drug
DDI-DrugBank.d776.s39|90-103|levonorgestrel|drug
DDI-DrugBank.d776.s40|76-92|ethinyl estradiol|drug
DDI-DrugBank.d776.s40|98-111|levonorgestrel|drug
DDI-DrugBank.d776.s40|129-139|fluconazole|drug
DDI-DrugBank.d776.s41|29-39|fluconazole|drug
DDI-DrugBank.d776.s41|71-87|ethinyl estradiol|drug
DDI-DrugBank.d776.s41|93-106|levonorgestrel|drug
DDI-DrugBank.d776.s41|135-145|fluconazole|drug
DDI-DrugBank.d776.s41|167-183|ethinyl estradiol|drug
DDI-DrugBank.d776.s41|188-201|levonorgestrel|drug
